2023/09/02 16:47:46 [notice] 1#1: using the "epoll" event method
2023/09/02 16:47:46 [notice] 1#1: nginx/1.25.2
2023/09/02 16:47:46 [notice] 1#1: built by gcc 12.2.0 (Debian 12.2.0-14) 
2023/09/02 16:47:46 [notice] 1#1: OS: Linux 5.15.90.1-microsoft-standard-WSL2
2023/09/02 16:47:46 [notice] 1#1: getrlimit(RLIMIT_NOFILE): 1048576:1048576
2023/09/02 16:47:46 [notice] 1#1: start worker processes
2023/09/02 16:47:46 [notice] 1#1: start worker process 20
2023/09/02 16:47:46 [notice] 1#1: start worker process 21
2023/09/02 16:47:46 [notice] 1#1: start worker process 22
2023/09/02 16:47:46 [notice] 1#1: start worker process 23
2023/09/02 16:47:46 [notice] 1#1: start worker process 24
2023/09/02 16:47:46 [notice] 1#1: start worker process 25
2023/09/02 16:47:46 [notice] 1#1: start worker process 26
2023/09/02 16:47:46 [notice] 1#1: start worker process 27
2023/09/02 16:47:46 [notice] 1#1: start worker process 28
2023/09/02 16:47:46 [notice] 1#1: start worker process 29
2023/09/02 16:47:46 [notice] 1#1: start worker process 30
2023/09/02 16:47:46 [notice] 1#1: start worker process 31
2023/09/02 16:51:16 [notice] 1#1: signal 3 (SIGQUIT) received, shutting down
2023/09/02 16:51:16 [notice] 20#20: gracefully shutting down
2023/09/02 16:51:16 [notice] 31#31: gracefully shutting down
2023/09/02 16:51:16 [notice] 21#21: gracefully shutting down
2023/09/02 16:51:16 [notice] 21#21: exiting
2023/09/02 16:51:16 [notice] 22#22: gracefully shutting down
2023/09/02 16:51:16 [notice] 23#23: gracefully shutting down
2023/09/02 16:51:16 [notice] 24#24: gracefully shutting down
2023/09/02 16:51:16 [notice] 25#25: gracefully shutting down
2023/09/02 16:51:16 [notice] 26#26: gracefully shutting down
2023/09/02 16:51:16 [notice] 27#27: gracefully shutting down
2023/09/02 16:51:16 [notice] 27#27: exiting
2023/09/02 16:51:16 [notice] 28#28: gracefully shutting down
2023/09/02 16:51:16 [notice] 28#28: exiting
2023/09/02 16:51:16 [notice] 30#30: gracefully shutting down
2023/09/02 16:51:16 [notice] 29#29: gracefully shutting down
2023/09/02 16:51:16 [notice] 20#20: exiting
2023/09/02 16:51:16 [notice] 31#31: exiting
2023/09/02 16:51:16 [notice] 21#21: exit
2023/09/02 16:51:16 [notice] 22#22: exiting
2023/09/02 16:51:16 [notice] 23#23: exiting
2023/09/02 16:51:16 [notice] 23#23: exit
2023/09/02 16:51:16 [notice] 24#24: exiting
2023/09/02 16:51:16 [notice] 25#25: exiting
2023/09/02 16:51:16 [notice] 26#26: exiting
2023/09/02 16:51:16 [notice] 27#27: exit
2023/09/02 16:51:16 [notice] 28#28: exit
2023/09/02 16:51:16 [notice] 30#30: exiting
2023/09/02 16:51:16 [notice] 29#29: exiting
2023/09/02 16:51:16 [notice] 20#20: exit
2023/09/02 16:51:16 [notice] 31#31: exit
2023/09/02 16:51:16 [notice] 22#22: exit
2023/09/02 16:51:16 [notice] 24#24: exit
2023/09/02 16:51:16 [notice] 25#25: exit
2023/09/02 16:51:16 [notice] 26#26: exit
2023/09/02 16:51:16 [notice] 30#30: exit
2023/09/02 16:51:16 [notice] 29#29: exit
2023/09/02 16:51:16 [notice] 1#1: signal 17 (SIGCHLD) received from 20
2023/09/02 16:51:16 [notice] 1#1: worker process 20 exited with code 0
2023/09/02 16:51:16 [notice] 1#1: worker process 21 exited with code 0
2023/09/02 16:51:16 [notice] 1#1: worker process 22 exited with code 0
2023/09/02 16:51:16 [notice] 1#1: signal 29 (SIGIO) received
2023/09/02 16:51:16 [notice] 1#1: signal 17 (SIGCHLD) received from 22
2023/09/02 16:51:16 [notice] 1#1: signal 17 (SIGCHLD) received from 27
2023/09/02 16:51:16 [notice] 1#1: worker process 23 exited with code 0
2023/09/02 16:51:16 [notice] 1#1: worker process 27 exited with code 0
2023/09/02 16:51:16 [notice] 1#1: worker process 29 exited with code 0
2023/09/02 16:51:16 [notice] 1#1: worker process 31 exited with code 0
2023/09/02 16:51:16 [notice] 1#1: signal 29 (SIGIO) received
2023/09/02 16:51:16 [notice] 1#1: signal 17 (SIGCHLD) received from 30
2023/09/02 16:51:16 [notice] 1#1: worker process 24 exited with code 0
2023/09/02 16:51:16 [notice] 1#1: worker process 30 exited with code 0
2023/09/02 16:51:16 [notice] 1#1: signal 29 (SIGIO) received
2023/09/02 16:51:16 [notice] 1#1: signal 17 (SIGCHLD) received from 28
2023/09/02 16:51:16 [notice] 1#1: worker process 25 exited with code 0
2023/09/02 16:51:16 [notice] 1#1: worker process 28 exited with code 0
2023/09/02 16:51:16 [notice] 1#1: signal 29 (SIGIO) received
2023/09/02 16:51:16 [notice] 1#1: signal 17 (SIGCHLD) received from 26
2023/09/02 16:51:16 [notice] 1#1: worker process 26 exited with code 0
2023/09/02 16:51:16 [notice] 1#1: exit
2023/09/02 16:51:17 [notice] 1#1: using the "epoll" event method
2023/09/02 16:51:17 [notice] 1#1: nginx/1.25.2
2023/09/02 16:51:17 [notice] 1#1: built by gcc 12.2.0 (Debian 12.2.0-14) 
2023/09/02 16:51:17 [notice] 1#1: OS: Linux 5.15.90.1-microsoft-standard-WSL2
2023/09/02 16:51:17 [notice] 1#1: getrlimit(RLIMIT_NOFILE): 1048576:1048576
2023/09/02 16:51:17 [notice] 1#1: start worker processes
2023/09/02 16:51:17 [notice] 1#1: start worker process 28
2023/09/02 16:51:17 [notice] 1#1: start worker process 29
2023/09/02 16:51:17 [notice] 1#1: start worker process 30
2023/09/02 16:51:17 [notice] 1#1: start worker process 31
2023/09/02 16:51:17 [notice] 1#1: start worker process 32
2023/09/02 16:51:17 [notice] 1#1: start worker process 33
2023/09/02 16:51:17 [notice] 1#1: start worker process 34
2023/09/02 16:51:17 [notice] 1#1: start worker process 35
2023/09/02 16:51:17 [notice] 1#1: start worker process 36
2023/09/02 16:51:17 [notice] 1#1: start worker process 37
2023/09/02 16:51:17 [notice] 1#1: start worker process 38
2023/09/02 16:51:17 [notice] 1#1: start worker process 39
2023/09/02 16:53:53 [notice] 1#1: signal 3 (SIGQUIT) received, shutting down
2023/09/02 16:53:53 [notice] 28#28: gracefully shutting down
2023/09/02 16:53:53 [notice] 32#32: gracefully shutting down
2023/09/02 16:53:53 [notice] 29#29: gracefully shutting down
2023/09/02 16:53:53 [notice] 30#30: gracefully shutting down
2023/09/02 16:53:53 [notice] 30#30: exiting
2023/09/02 16:53:53 [notice] 35#35: gracefully shutting down
2023/09/02 16:53:53 [notice] 33#33: gracefully shutting down
2023/09/02 16:53:53 [notice] 33#33: exiting
2023/09/02 16:53:53 [notice] 31#31: gracefully shutting down
2023/09/02 16:53:53 [notice] 34#34: gracefully shutting down
2023/09/02 16:53:53 [notice] 34#34: exiting
2023/09/02 16:53:53 [notice] 37#37: gracefully shutting down
2023/09/02 16:53:53 [notice] 37#37: exiting
2023/09/02 16:53:53 [notice] 36#36: gracefully shutting down
2023/09/02 16:53:53 [notice] 39#39: gracefully shutting down
2023/09/02 16:53:53 [notice] 39#39: exiting
2023/09/02 16:53:53 [notice] 38#38: gracefully shutting down
2023/09/02 16:53:53 [notice] 28#28: exiting
2023/09/02 16:53:53 [notice] 32#32: exiting
2023/09/02 16:53:53 [notice] 29#29: exiting
2023/09/02 16:53:53 [notice] 30#30: exit
2023/09/02 16:53:53 [notice] 35#35: exiting
2023/09/02 16:53:53 [notice] 33#33: exit
2023/09/02 16:53:53 [notice] 31#31: exiting
2023/09/02 16:53:53 [notice] 34#34: exit
2023/09/02 16:53:53 [notice] 37#37: exit
2023/09/02 16:53:53 [notice] 36#36: exiting
2023/09/02 16:53:53 [notice] 39#39: exit
2023/09/02 16:53:53 [notice] 38#38: exiting
2023/09/02 16:53:53 [notice] 28#28: exit
2023/09/02 16:53:53 [notice] 32#32: exit
2023/09/02 16:53:53 [notice] 29#29: exit
2023/09/02 16:53:53 [notice] 35#35: exit
2023/09/02 16:53:53 [notice] 31#31: exit
2023/09/02 16:53:53 [notice] 36#36: exit
2023/09/02 16:53:53 [notice] 38#38: exit
2023/09/02 16:53:53 [notice] 1#1: signal 17 (SIGCHLD) received from 30
2023/09/02 16:53:53 [notice] 1#1: worker process 30 exited with code 0
2023/09/02 16:53:53 [notice] 1#1: signal 29 (SIGIO) received
2023/09/02 16:53:53 [notice] 1#1: signal 17 (SIGCHLD) received from 37
2023/09/02 16:53:53 [notice] 1#1: worker process 29 exited with code 0
2023/09/02 16:53:53 [notice] 1#1: worker process 32 exited with code 0
2023/09/02 16:53:53 [notice] 1#1: worker process 33 exited with code 0
2023/09/02 16:53:53 [notice] 1#1: worker process 34 exited with code 0
2023/09/02 16:53:53 [notice] 1#1: worker process 35 exited with code 0
2023/09/02 16:53:53 [notice] 1#1: worker process 36 exited with code 0
2023/09/02 16:53:53 [notice] 1#1: worker process 37 exited with code 0
2023/09/02 16:53:53 [notice] 1#1: worker process 38 exited with code 0
2023/09/02 16:53:53 [notice] 1#1: worker process 39 exited with code 0
2023/09/02 16:53:53 [notice] 1#1: signal 29 (SIGIO) received
2023/09/02 16:53:53 [notice] 1#1: signal 17 (SIGCHLD) received from 38
2023/09/02 16:53:53 [notice] 1#1: signal 17 (SIGCHLD) received from 28
2023/09/02 16:53:53 [notice] 1#1: worker process 28 exited with code 0
2023/09/02 16:53:53 [notice] 1#1: worker process 31 exited with code 0
2023/09/02 16:53:53 [notice] 1#1: exit
2023/09/02 16:53:54 [notice] 1#1: using the "epoll" event method
2023/09/02 16:53:54 [notice] 1#1: nginx/1.25.2
2023/09/02 16:53:54 [notice] 1#1: built by gcc 12.2.0 (Debian 12.2.0-14) 
2023/09/02 16:53:54 [notice] 1#1: OS: Linux 5.15.90.1-microsoft-standard-WSL2
2023/09/02 16:53:54 [notice] 1#1: getrlimit(RLIMIT_NOFILE): 1048576:1048576
2023/09/02 16:53:54 [notice] 1#1: start worker processes
2023/09/02 16:53:54 [notice] 1#1: start worker process 28
2023/09/02 16:53:54 [notice] 1#1: start worker process 29
2023/09/02 16:53:54 [notice] 1#1: start worker process 30
2023/09/02 16:53:54 [notice] 1#1: start worker process 31
2023/09/02 16:53:54 [notice] 1#1: start worker process 32
2023/09/02 16:53:54 [notice] 1#1: start worker process 33
2023/09/02 16:53:54 [notice] 1#1: start worker process 34
2023/09/02 16:53:54 [notice] 1#1: start worker process 35
2023/09/02 16:53:54 [notice] 1#1: start worker process 36
2023/09/02 16:53:54 [notice] 1#1: start worker process 37
2023/09/02 16:53:54 [notice] 1#1: start worker process 38
2023/09/02 16:53:54 [notice] 1#1: start worker process 39
2023/09/02 16:53:59 [error] 28#28: *1 open() "/home/app/web/staticfiles/css/styles.css" failed (2: No such file or directory), client: 172.18.0.1, server: baladanio.tk, request: "GET /static/css/styles.css HTTP/1.1", host: "localhost", referrer: "http://localhost/"
2023/09/02 16:53:59 [error] 29#29: *3 open() "/home/app/web/staticfiles/images/free-30-instagram-stories-icons23_122570.png" failed (2: No such file or directory), client: 172.18.0.1, server: baladanio.tk, request: "GET /static/images/free-30-instagram-stories-icons23_122570.png HTTP/1.1", host: "localhost", referrer: "http://localhost/"
2023/09/02 16:54:00 [error] 29#29: *3 open() "/home/app/web/staticfiles/images/search.png" failed (2: No such file or directory), client: 172.18.0.1, server: baladanio.tk, request: "GET /static/images/search.png HTTP/1.1", host: "localhost", referrer: "http://localhost/"
2023/09/02 16:54:00 [error] 29#29: *3 open() "/home/app/web/staticfiles/images/free-30-instagram-stories-icons23_122570.png" failed (2: No such file or directory), client: 172.18.0.1, server: baladanio.tk, request: "GET /static/images/free-30-instagram-stories-icons23_122570.png HTTP/1.1", host: "localhost", referrer: "http://localhost/"
2023/09/02 16:54:01 [error] 29#29: *3 open() "/home/app/web/staticfiles/images/free-30-instagram-stories-icons23_122570.png" failed (2: No such file or directory), client: 172.18.0.1, server: baladanio.tk, request: "GET /static/images/free-30-instagram-stories-icons23_122570.png HTTP/1.1", host: "localhost", referrer: "http://localhost/"
2023/09/02 16:54:01 [error] 29#29: *3 open() "/home/app/web/staticfiles/images/free-30-instagram-stories-icons23_122570.png" failed (2: No such file or directory), client: 172.18.0.1, server: baladanio.tk, request: "GET /static/images/free-30-instagram-stories-icons23_122570.png HTTP/1.1", host: "localhost", referrer: "http://localhost/"
2023/09/02 16:54:31 [error] 29#29: *3 open() "/home/app/web/staticfiles/css/styles.css" failed (2: No such file or directory), client: 172.18.0.1, server: baladanio.tk, request: "GET /static/css/styles.css HTTP/1.1", host: "localhost", referrer: "http://localhost/"
2023/09/02 16:54:31 [error] 28#28: *1 open() "/home/app/web/staticfiles/images/free-30-instagram-stories-icons23_122570.png" failed (2: No such file or directory), client: 172.18.0.1, server: baladanio.tk, request: "GET /static/images/free-30-instagram-stories-icons23_122570.png HTTP/1.1", host: "localhost", referrer: "http://localhost/"
2023/09/02 16:54:31 [error] 28#28: *1 open() "/home/app/web/staticfiles/images/search.png" failed (2: No such file or directory), client: 172.18.0.1, server: baladanio.tk, request: "GET /static/images/search.png HTTP/1.1", host: "localhost", referrer: "http://localhost/"
2023/09/02 16:54:31 [error] 28#28: *1 open() "/home/app/web/staticfiles/images/free-30-instagram-stories-icons23_122570.png" failed (2: No such file or directory), client: 172.18.0.1, server: baladanio.tk, request: "GET /static/images/free-30-instagram-stories-icons23_122570.png HTTP/1.1", host: "localhost", referrer: "http://localhost/"
2023/09/02 16:54:31 [error] 28#28: *1 open() "/home/app/web/staticfiles/images/free-30-instagram-stories-icons23_122570.png" failed (2: No such file or directory), client: 172.18.0.1, server: baladanio.tk, request: "GET /static/images/free-30-instagram-stories-icons23_122570.png HTTP/1.1", host: "localhost", referrer: "http://localhost/"
2023/09/02 16:54:56 [notice] 1#1: signal 3 (SIGQUIT) received, shutting down
2023/09/02 16:54:56 [notice] 28#28: gracefully shutting down
2023/09/02 16:54:56 [notice] 36#36: gracefully shutting down
2023/09/02 16:54:56 [notice] 29#29: gracefully shutting down
2023/09/02 16:54:56 [notice] 30#30: gracefully shutting down
2023/09/02 16:54:56 [notice] 31#31: gracefully shutting down
2023/09/02 16:54:56 [notice] 32#32: gracefully shutting down
2023/09/02 16:54:56 [notice] 33#33: gracefully shutting down
2023/09/02 16:54:56 [notice] 34#34: gracefully shutting down
2023/09/02 16:54:56 [notice] 35#35: gracefully shutting down
2023/09/02 16:54:56 [notice] 35#35: exiting
2023/09/02 16:54:56 [notice] 37#37: gracefully shutting down
2023/09/02 16:54:56 [notice] 38#38: gracefully shutting down
2023/09/02 16:54:56 [notice] 38#38: exiting
2023/09/02 16:54:56 [notice] 39#39: gracefully shutting down
2023/09/02 16:54:56 [notice] 28#28: exiting
2023/09/02 16:54:56 [notice] 36#36: exiting
2023/09/02 16:54:56 [notice] 29#29: exiting
2023/09/02 16:54:56 [notice] 30#30: exiting
2023/09/02 16:54:56 [notice] 31#31: exiting
2023/09/02 16:54:56 [notice] 31#31: exit
2023/09/02 16:54:56 [notice] 32#32: exiting
2023/09/02 16:54:56 [notice] 33#33: exiting
2023/09/02 16:54:56 [notice] 34#34: exiting
2023/09/02 16:54:56 [notice] 35#35: exit
2023/09/02 16:54:56 [notice] 37#37: exiting
2023/09/02 16:54:56 [notice] 38#38: exit
2023/09/02 16:54:56 [notice] 39#39: exiting
2023/09/02 16:54:56 [notice] 28#28: exit
2023/09/02 16:54:56 [notice] 36#36: exit
2023/09/02 16:54:56 [notice] 29#29: exit
2023/09/02 16:54:56 [notice] 30#30: exit
2023/09/02 16:54:56 [notice] 32#32: exit
2023/09/02 16:54:56 [notice] 33#33: exit
2023/09/02 16:54:56 [notice] 34#34: exit
2023/09/02 16:54:56 [notice] 37#37: exit
2023/09/02 16:54:56 [notice] 39#39: exit
2023/09/02 16:54:56 [notice] 1#1: signal 17 (SIGCHLD) received from 31
2023/09/02 16:54:56 [notice] 1#1: worker process 31 exited with code 0
2023/09/02 16:54:56 [notice] 1#1: signal 29 (SIGIO) received
2023/09/02 16:54:56 [notice] 1#1: signal 17 (SIGCHLD) received from 34
2023/09/02 16:54:56 [notice] 1#1: worker process 30 exited with code 0
2023/09/02 16:54:56 [notice] 1#1: worker process 32 exited with code 0
2023/09/02 16:54:56 [notice] 1#1: worker process 34 exited with code 0
2023/09/02 16:54:56 [notice] 1#1: worker process 37 exited with code 0
2023/09/02 16:54:56 [notice] 1#1: worker process 38 exited with code 0
2023/09/02 16:54:56 [notice] 1#1: signal 29 (SIGIO) received
2023/09/02 16:54:56 [notice] 1#1: signal 17 (SIGCHLD) received from 37
2023/09/02 16:54:56 [notice] 1#1: signal 17 (SIGCHLD) received from 33
2023/09/02 16:54:56 [notice] 1#1: worker process 28 exited with code 0
2023/09/02 16:54:56 [notice] 1#1: worker process 33 exited with code 0
2023/09/02 16:54:56 [notice] 1#1: signal 29 (SIGIO) received
2023/09/02 16:54:56 [notice] 1#1: signal 17 (SIGCHLD) received from 39
2023/09/02 16:54:56 [notice] 1#1: worker process 29 exited with code 0
2023/09/02 16:54:56 [notice] 1#1: worker process 39 exited with code 0
2023/09/02 16:54:56 [notice] 1#1: signal 29 (SIGIO) received
2023/09/02 16:54:56 [notice] 1#1: signal 17 (SIGCHLD) received from 35
2023/09/02 16:54:56 [notice] 1#1: worker process 35 exited with code 0
2023/09/02 16:54:56 [notice] 1#1: worker process 36 exited with code 0
2023/09/02 16:54:56 [notice] 1#1: exit
2023/09/02 16:54:57 [notice] 1#1: using the "epoll" event method
2023/09/02 16:54:57 [notice] 1#1: nginx/1.25.2
2023/09/02 16:54:57 [notice] 1#1: built by gcc 12.2.0 (Debian 12.2.0-14) 
2023/09/02 16:54:57 [notice] 1#1: OS: Linux 5.15.90.1-microsoft-standard-WSL2
2023/09/02 16:54:57 [notice] 1#1: getrlimit(RLIMIT_NOFILE): 1048576:1048576
2023/09/02 16:54:57 [notice] 1#1: start worker processes
2023/09/02 16:54:57 [notice] 1#1: start worker process 28
2023/09/02 16:54:57 [notice] 1#1: start worker process 29
2023/09/02 16:54:57 [notice] 1#1: start worker process 30
2023/09/02 16:54:57 [notice] 1#1: start worker process 31
2023/09/02 16:54:57 [notice] 1#1: start worker process 32
2023/09/02 16:54:57 [notice] 1#1: start worker process 33
2023/09/02 16:54:57 [notice] 1#1: start worker process 34
2023/09/02 16:54:57 [notice] 1#1: start worker process 35
2023/09/02 16:54:57 [notice] 1#1: start worker process 36
2023/09/02 16:54:57 [notice] 1#1: start worker process 37
2023/09/02 16:54:57 [notice] 1#1: start worker process 38
2023/09/02 16:54:57 [notice] 1#1: start worker process 39
2023/09/02 16:55:02 [error] 28#28: *1 open() "/home/app/web/staticfiles/css/styles.css" failed (2: No such file or directory), client: 172.18.0.1, server: baladanio.tk, request: "GET /static/css/styles.css HTTP/1.1", host: "localhost", referrer: "http://localhost/"
2023/09/02 16:55:02 [error] 28#28: *1 open() "/home/app/web/staticfiles/images/free-30-instagram-stories-icons23_122570.png" failed (2: No such file or directory), client: 172.18.0.1, server: baladanio.tk, request: "GET /static/images/free-30-instagram-stories-icons23_122570.png HTTP/1.1", host: "localhost", referrer: "http://localhost/"
2023/09/02 16:55:02 [error] 28#28: *1 open() "/home/app/web/staticfiles/images/search.png" failed (2: No such file or directory), client: 172.18.0.1, server: baladanio.tk, request: "GET /static/images/search.png HTTP/1.1", host: "localhost", referrer: "http://localhost/"
2023/09/02 16:55:02 [error] 28#28: *1 open() "/home/app/web/staticfiles/images/free-30-instagram-stories-icons23_122570.png" failed (2: No such file or directory), client: 172.18.0.1, server: baladanio.tk, request: "GET /static/images/free-30-instagram-stories-icons23_122570.png HTTP/1.1", host: "localhost", referrer: "http://localhost/"
2023/09/02 16:55:02 [error] 28#28: *1 open() "/home/app/web/staticfiles/images/free-30-instagram-stories-icons23_122570.png" failed (2: No such file or directory), client: 172.18.0.1, server: baladanio.tk, request: "GET /static/images/free-30-instagram-stories-icons23_122570.png HTTP/1.1", host: "localhost", referrer: "http://localhost/"
2023/09/02 16:55:04 [error] 28#28: *1 open() "/home/app/web/staticfiles/css/styles.css" failed (2: No such file or directory), client: 172.18.0.1, server: baladanio.tk, request: "GET /static/css/styles.css HTTP/1.1", host: "localhost", referrer: "http://localhost/"
2023/09/02 16:55:04 [error] 28#28: *1 open() "/home/app/web/staticfiles/images/free-30-instagram-stories-icons23_122570.png" failed (2: No such file or directory), client: 172.18.0.1, server: baladanio.tk, request: "GET /static/images/free-30-instagram-stories-icons23_122570.png HTTP/1.1", host: "localhost", referrer: "http://localhost/"
2023/09/02 16:55:04 [error] 29#29: *3 open() "/home/app/web/staticfiles/images/search.png" failed (2: No such file or directory), client: 172.18.0.1, server: baladanio.tk, request: "GET /static/images/search.png HTTP/1.1", host: "localhost", referrer: "http://localhost/"
2023/09/02 16:55:04 [error] 29#29: *3 open() "/home/app/web/staticfiles/images/free-30-instagram-stories-icons23_122570.png" failed (2: No such file or directory), client: 172.18.0.1, server: baladanio.tk, request: "GET /static/images/free-30-instagram-stories-icons23_122570.png HTTP/1.1", host: "localhost", referrer: "http://localhost/"
2023/09/02 16:55:04 [error] 29#29: *3 open() "/home/app/web/staticfiles/images/free-30-instagram-stories-icons23_122570.png" failed (2: No such file or directory), client: 172.18.0.1, server: baladanio.tk, request: "GET /static/images/free-30-instagram-stories-icons23_122570.png HTTP/1.1", host: "localhost", referrer: "http://localhost/"
2023/09/02 16:55:29 [notice] 1#1: signal 3 (SIGQUIT) received, shutting down
2023/09/02 16:55:29 [notice] 28#28: gracefully shutting down
2023/09/02 16:55:29 [notice] 39#39: gracefully shutting down
2023/09/02 16:55:29 [notice] 29#29: gracefully shutting down
2023/09/02 16:55:29 [notice] 30#30: gracefully shutting down
2023/09/02 16:55:29 [notice] 31#31: gracefully shutting down
2023/09/02 16:55:29 [notice] 31#31: exiting
2023/09/02 16:55:29 [notice] 32#32: gracefully shutting down
2023/09/02 16:55:29 [notice] 32#32: exiting
2023/09/02 16:55:29 [notice] 33#33: gracefully shutting down
2023/09/02 16:55:29 [notice] 33#33: exiting
2023/09/02 16:55:29 [notice] 34#34: gracefully shutting down
2023/09/02 16:55:29 [notice] 35#35: gracefully shutting down
2023/09/02 16:55:29 [notice] 35#35: exiting
2023/09/02 16:55:29 [notice] 36#36: gracefully shutting down
2023/09/02 16:55:29 [notice] 37#37: gracefully shutting down
2023/09/02 16:55:29 [notice] 38#38: gracefully shutting down
2023/09/02 16:55:29 [notice] 28#28: exiting
2023/09/02 16:55:29 [notice] 39#39: exiting
2023/09/02 16:55:29 [notice] 29#29: exiting
2023/09/02 16:55:29 [notice] 30#30: exiting
2023/09/02 16:55:29 [notice] 31#31: exit
2023/09/02 16:55:29 [notice] 32#32: exit
2023/09/02 16:55:29 [notice] 33#33: exit
2023/09/02 16:55:29 [notice] 34#34: exiting
2023/09/02 16:55:29 [notice] 35#35: exit
2023/09/02 16:55:29 [notice] 36#36: exiting
2023/09/02 16:55:29 [notice] 37#37: exiting
2023/09/02 16:55:29 [notice] 38#38: exiting
2023/09/02 16:55:29 [notice] 28#28: exit
2023/09/02 16:55:29 [notice] 39#39: exit
2023/09/02 16:55:29 [notice] 29#29: exit
2023/09/02 16:55:29 [notice] 30#30: exit
2023/09/02 16:55:29 [notice] 34#34: exit
2023/09/02 16:55:29 [notice] 36#36: exit
2023/09/02 16:55:29 [notice] 37#37: exit
2023/09/02 16:55:29 [notice] 38#38: exit
2023/09/02 16:55:30 [notice] 1#1: signal 17 (SIGCHLD) received from 36
2023/09/02 16:55:30 [notice] 1#1: worker process 29 exited with code 0
2023/09/02 16:55:30 [notice] 1#1: worker process 30 exited with code 0
2023/09/02 16:55:30 [notice] 1#1: worker process 31 exited with code 0
2023/09/02 16:55:30 [notice] 1#1: worker process 34 exited with code 0
2023/09/02 16:55:30 [notice] 1#1: worker process 35 exited with code 0
2023/09/02 16:55:30 [notice] 1#1: worker process 36 exited with code 0
2023/09/02 16:55:30 [notice] 1#1: worker process 38 exited with code 0
2023/09/02 16:55:30 [notice] 1#1: worker process 39 exited with code 0
2023/09/02 16:55:30 [notice] 1#1: signal 29 (SIGIO) received
2023/09/02 16:55:30 [notice] 1#1: signal 17 (SIGCHLD) received from 31
2023/09/02 16:55:30 [notice] 1#1: signal 17 (SIGCHLD) received from 32
2023/09/02 16:55:30 [notice] 1#1: worker process 32 exited with code 0
2023/09/02 16:55:30 [notice] 1#1: signal 29 (SIGIO) received
2023/09/02 16:55:30 [notice] 1#1: signal 17 (SIGCHLD) received from 28
2023/09/02 16:55:30 [notice] 1#1: worker process 28 exited with code 0
2023/09/02 16:55:30 [notice] 1#1: worker process 33 exited with code 0
2023/09/02 16:55:30 [notice] 1#1: worker process 37 exited with code 0
2023/09/02 16:55:30 [notice] 1#1: exit
2023/09/02 16:55:31 [notice] 1#1: using the "epoll" event method
2023/09/02 16:55:31 [notice] 1#1: nginx/1.25.2
2023/09/02 16:55:31 [notice] 1#1: built by gcc 12.2.0 (Debian 12.2.0-14) 
2023/09/02 16:55:31 [notice] 1#1: OS: Linux 5.15.90.1-microsoft-standard-WSL2
2023/09/02 16:55:31 [notice] 1#1: getrlimit(RLIMIT_NOFILE): 1048576:1048576
2023/09/02 16:55:31 [notice] 1#1: start worker processes
2023/09/02 16:55:31 [notice] 1#1: start worker process 28
2023/09/02 16:55:31 [notice] 1#1: start worker process 29
2023/09/02 16:55:31 [notice] 1#1: start worker process 30
2023/09/02 16:55:31 [notice] 1#1: start worker process 31
2023/09/02 16:55:31 [notice] 1#1: start worker process 32
2023/09/02 16:55:31 [notice] 1#1: start worker process 33
2023/09/02 16:55:31 [notice] 1#1: start worker process 34
2023/09/02 16:55:31 [notice] 1#1: start worker process 35
2023/09/02 16:55:31 [notice] 1#1: start worker process 36
2023/09/02 16:55:31 [notice] 1#1: start worker process 37
2023/09/02 16:55:31 [notice] 1#1: start worker process 38
2023/09/02 16:55:31 [notice] 1#1: start worker process 39
2023/09/02 16:56:03 [error] 29#29: *2 open() "/home/app/web/staticfiles/css/styles.css" failed (2: No such file or directory), client: 172.18.0.1, server: baladanio.tk, request: "GET /static/css/styles.css HTTP/1.1", host: "localhost", referrer: "http://localhost/"
2023/09/02 16:56:03 [error] 28#28: *1 open() "/home/app/web/staticfiles/images/free-30-instagram-stories-icons23_122570.png" failed (2: No such file or directory), client: 172.18.0.1, server: baladanio.tk, request: "GET /static/images/free-30-instagram-stories-icons23_122570.png HTTP/1.1", host: "localhost", referrer: "http://localhost/"
2023/09/02 16:56:05 [error] 28#28: *1 open() "/home/app/web/staticfiles/images/search.png" failed (2: No such file or directory), client: 172.18.0.1, server: baladanio.tk, request: "GET /static/images/search.png HTTP/1.1", host: "localhost", referrer: "http://localhost/"
2023/09/02 16:56:05 [error] 28#28: *1 open() "/home/app/web/staticfiles/images/free-30-instagram-stories-icons23_122570.png" failed (2: No such file or directory), client: 172.18.0.1, server: baladanio.tk, request: "GET /static/images/free-30-instagram-stories-icons23_122570.png HTTP/1.1", host: "localhost", referrer: "http://localhost/"
2023/09/02 16:56:06 [error] 28#28: *1 open() "/home/app/web/staticfiles/images/free-30-instagram-stories-icons23_122570.png" failed (2: No such file or directory), client: 172.18.0.1, server: baladanio.tk, request: "GET /static/images/free-30-instagram-stories-icons23_122570.png HTTP/1.1", host: "localhost", referrer: "http://localhost/"
2023/09/02 16:56:55 [notice] 1#1: signal 3 (SIGQUIT) received, shutting down
2023/09/02 16:56:55 [notice] 28#28: gracefully shutting down
2023/09/02 16:56:55 [notice] 29#29: gracefully shutting down
2023/09/02 16:56:55 [notice] 30#30: gracefully shutting down
2023/09/02 16:56:55 [notice] 34#34: gracefully shutting down
2023/09/02 16:56:55 [notice] 35#35: gracefully shutting down
2023/09/02 16:56:55 [notice] 32#32: gracefully shutting down
2023/09/02 16:56:55 [notice] 31#31: gracefully shutting down
2023/09/02 16:56:55 [notice] 36#36: gracefully shutting down
2023/09/02 16:56:55 [notice] 37#37: gracefully shutting down
2023/09/02 16:56:55 [notice] 33#33: gracefully shutting down
2023/09/02 16:56:55 [notice] 39#39: gracefully shutting down
2023/09/02 16:56:55 [notice] 38#38: gracefully shutting down
2023/09/02 16:56:55 [notice] 28#28: exiting
2023/09/02 16:56:55 [notice] 29#29: exiting
2023/09/02 16:56:55 [notice] 30#30: exiting
2023/09/02 16:56:55 [notice] 34#34: exiting
2023/09/02 16:56:55 [notice] 35#35: exiting
2023/09/02 16:56:55 [notice] 32#32: exiting
2023/09/02 16:56:55 [notice] 31#31: exiting
2023/09/02 16:56:55 [notice] 36#36: exiting
2023/09/02 16:56:55 [notice] 37#37: exiting
2023/09/02 16:56:55 [notice] 33#33: exiting
2023/09/02 16:56:55 [notice] 39#39: exiting
2023/09/02 16:56:55 [notice] 38#38: exiting
2023/09/02 16:56:55 [notice] 28#28: exit
2023/09/02 16:56:55 [notice] 29#29: exit
2023/09/02 16:56:55 [notice] 30#30: exit
2023/09/02 16:56:55 [notice] 34#34: exit
2023/09/02 16:56:55 [notice] 35#35: exit
2023/09/02 16:56:55 [notice] 32#32: exit
2023/09/02 16:56:55 [notice] 31#31: exit
2023/09/02 16:56:55 [notice] 36#36: exit
2023/09/02 16:56:55 [notice] 37#37: exit
2023/09/02 16:56:55 [notice] 33#33: exit
2023/09/02 16:56:55 [notice] 39#39: exit
2023/09/02 16:56:55 [notice] 38#38: exit
2023/09/02 16:56:56 [notice] 1#1: signal 17 (SIGCHLD) received from 36
2023/09/02 16:56:56 [notice] 1#1: worker process 29 exited with code 0
2023/09/02 16:56:56 [notice] 1#1: worker process 30 exited with code 0
2023/09/02 16:56:56 [notice] 1#1: worker process 31 exited with code 0
2023/09/02 16:56:56 [notice] 1#1: worker process 34 exited with code 0
2023/09/02 16:56:56 [notice] 1#1: worker process 35 exited with code 0
2023/09/02 16:56:56 [notice] 1#1: worker process 36 exited with code 0
2023/09/02 16:56:56 [notice] 1#1: worker process 37 exited with code 0
2023/09/02 16:56:56 [notice] 1#1: worker process 33 exited with code 0
2023/09/02 16:56:56 [notice] 1#1: worker process 38 exited with code 0
2023/09/02 16:56:56 [notice] 1#1: signal 29 (SIGIO) received
2023/09/02 16:56:56 [notice] 1#1: signal 17 (SIGCHLD) received from 38
2023/09/02 16:56:56 [notice] 1#1: signal 17 (SIGCHLD) received from 28
2023/09/02 16:56:56 [notice] 1#1: worker process 28 exited with code 0
2023/09/02 16:56:56 [notice] 1#1: signal 29 (SIGIO) received
2023/09/02 16:56:56 [notice] 1#1: signal 17 (SIGCHLD) received from 32
2023/09/02 16:56:56 [notice] 1#1: worker process 32 exited with code 0
2023/09/02 16:56:56 [notice] 1#1: worker process 39 exited with code 0
2023/09/02 16:56:56 [notice] 1#1: exit
2023/09/02 17:00:06 [notice] 1#1: using the "epoll" event method
2023/09/02 17:00:06 [notice] 1#1: nginx/1.25.2
2023/09/02 17:00:06 [notice] 1#1: built by gcc 12.2.0 (Debian 12.2.0-14) 
2023/09/02 17:00:06 [notice] 1#1: OS: Linux 5.15.90.1-microsoft-standard-WSL2
2023/09/02 17:00:06 [notice] 1#1: getrlimit(RLIMIT_NOFILE): 1048576:1048576
2023/09/02 17:00:06 [notice] 1#1: start worker processes
2023/09/02 17:00:06 [notice] 1#1: start worker process 28
2023/09/02 17:00:06 [notice] 1#1: start worker process 29
2023/09/02 17:00:06 [notice] 1#1: start worker process 30
2023/09/02 17:00:06 [notice] 1#1: start worker process 31
2023/09/02 17:00:06 [notice] 1#1: start worker process 32
2023/09/02 17:00:06 [notice] 1#1: start worker process 33
2023/09/02 17:00:06 [notice] 1#1: start worker process 34
2023/09/02 17:00:06 [notice] 1#1: start worker process 35
2023/09/02 17:00:06 [notice] 1#1: start worker process 36
2023/09/02 17:00:06 [notice] 1#1: start worker process 37
2023/09/02 17:00:06 [notice] 1#1: start worker process 38
2023/09/02 17:00:06 [notice] 1#1: start worker process 39
2023/09/02 17:00:46 [error] 28#28: *1 open() "/home/app/web/staticfiles/css/styles.css" failed (2: No such file or directory), client: 172.18.0.1, server: baladanio.tk, request: "GET /static/css/styles.css HTTP/1.1", host: "localhost", referrer: "http://localhost/"
2023/09/02 17:00:46 [error] 28#28: *1 open() "/home/app/web/staticfiles/images/free-30-instagram-stories-icons23_122570.png" failed (2: No such file or directory), client: 172.18.0.1, server: baladanio.tk, request: "GET /static/images/free-30-instagram-stories-icons23_122570.png HTTP/1.1", host: "localhost", referrer: "http://localhost/"
2023/09/02 17:00:47 [error] 28#28: *1 open() "/home/app/web/staticfiles/images/search.png" failed (2: No such file or directory), client: 172.18.0.1, server: baladanio.tk, request: "GET /static/images/search.png HTTP/1.1", host: "localhost", referrer: "http://localhost/"
2023/09/02 17:00:47 [error] 28#28: *1 open() "/home/app/web/staticfiles/images/free-30-instagram-stories-icons23_122570.png" failed (2: No such file or directory), client: 172.18.0.1, server: baladanio.tk, request: "GET /static/images/free-30-instagram-stories-icons23_122570.png HTTP/1.1", host: "localhost", referrer: "http://localhost/"
2023/09/02 17:00:47 [error] 28#28: *1 open() "/home/app/web/staticfiles/images/free-30-instagram-stories-icons23_122570.png" failed (2: No such file or directory), client: 172.18.0.1, server: baladanio.tk, request: "GET /static/images/free-30-instagram-stories-icons23_122570.png HTTP/1.1", host: "localhost", referrer: "http://localhost/"
2023/09/02 17:01:07 [notice] 1#1: signal 3 (SIGQUIT) received, shutting down
2023/09/02 17:01:07 [notice] 28#28: gracefully shutting down
2023/09/02 17:01:07 [notice] 29#29: gracefully shutting down
2023/09/02 17:01:07 [notice] 30#30: gracefully shutting down
2023/09/02 17:01:07 [notice] 30#30: exiting
2023/09/02 17:01:07 [notice] 31#31: gracefully shutting down
2023/09/02 17:01:07 [notice] 32#32: gracefully shutting down
2023/09/02 17:01:07 [notice] 32#32: exiting
2023/09/02 17:01:07 [notice] 33#33: gracefully shutting down
2023/09/02 17:01:07 [notice] 34#34: gracefully shutting down
2023/09/02 17:01:07 [notice] 35#35: gracefully shutting down
2023/09/02 17:01:07 [notice] 36#36: gracefully shutting down
2023/09/02 17:01:07 [notice] 37#37: gracefully shutting down
2023/09/02 17:01:07 [notice] 39#39: gracefully shutting down
2023/09/02 17:01:07 [notice] 39#39: exiting
2023/09/02 17:01:07 [notice] 38#38: gracefully shutting down
2023/09/02 17:01:07 [notice] 28#28: exiting
2023/09/02 17:01:07 [notice] 30#30: exit
2023/09/02 17:01:07 [notice] 31#31: exiting
2023/09/02 17:01:07 [notice] 32#32: exit
2023/09/02 17:01:07 [notice] 33#33: exiting
2023/09/02 17:01:07 [notice] 34#34: exiting
2023/09/02 17:01:07 [notice] 35#35: exiting
2023/09/02 17:01:07 [notice] 36#36: exiting
2023/09/02 17:01:07 [notice] 37#37: exiting
2023/09/02 17:01:07 [notice] 39#39: exit
2023/09/02 17:01:07 [notice] 38#38: exiting
2023/09/02 17:01:07 [notice] 28#28: exit
2023/09/02 17:01:07 [notice] 31#31: exit
2023/09/02 17:01:07 [notice] 33#33: exit
2023/09/02 17:01:07 [notice] 34#34: exit
2023/09/02 17:01:07 [notice] 35#35: exit
2023/09/02 17:01:07 [notice] 36#36: exit
2023/09/02 17:01:07 [notice] 37#37: exit
2023/09/02 17:01:07 [notice] 38#38: exit
2023/09/02 17:01:07 [notice] 1#1: signal 17 (SIGCHLD) received from 32
2023/09/02 17:01:07 [notice] 1#1: worker process 32 exited with code 0
2023/09/02 17:01:07 [notice] 1#1: signal 29 (SIGIO) received
2023/09/02 17:01:07 [notice] 1#1: signal 17 (SIGCHLD) received from 30
2023/09/02 17:01:07 [notice] 1#1: worker process 30 exited with code 0
2023/09/02 17:01:07 [notice] 1#1: worker process 31 exited with code 0
2023/09/02 17:01:07 [notice] 1#1: worker process 36 exited with code 0
2023/09/02 17:01:07 [notice] 1#1: worker process 38 exited with code 0
2023/09/02 17:01:07 [notice] 1#1: signal 29 (SIGIO) received
2023/09/02 17:01:07 [notice] 1#1: signal 17 (SIGCHLD) received from 28
2023/09/02 17:01:07 [notice] 1#1: worker process 28 exited with code 0
2023/09/02 17:01:07 [notice] 1#1: worker process 34 exited with code 0
2023/09/02 17:01:07 [notice] 1#1: signal 29 (SIGIO) received
2023/09/02 17:01:07 [notice] 1#1: signal 17 (SIGCHLD) received from 33
2023/09/02 17:01:07 [notice] 1#1: worker process 33 exited with code 0
2023/09/02 17:01:07 [notice] 1#1: worker process 35 exited with code 0
2023/09/02 17:01:07 [notice] 1#1: worker process 37 exited with code 0
2023/09/02 17:01:07 [notice] 1#1: worker process 39 exited with code 0
2023/09/02 17:01:07 [notice] 1#1: signal 29 (SIGIO) received
2023/09/02 17:01:07 [notice] 1#1: signal 17 (SIGCHLD) received from 39
2023/09/02 17:01:19 [notice] 1#1: using the "epoll" event method
2023/09/02 17:01:19 [notice] 1#1: nginx/1.25.2
2023/09/02 17:01:19 [notice] 1#1: built by gcc 12.2.0 (Debian 12.2.0-14) 
2023/09/02 17:01:19 [notice] 1#1: OS: Linux 5.15.90.1-microsoft-standard-WSL2
2023/09/02 17:01:19 [notice] 1#1: getrlimit(RLIMIT_NOFILE): 1048576:1048576
2023/09/02 17:01:19 [notice] 1#1: start worker processes
2023/09/02 17:01:19 [notice] 1#1: start worker process 28
2023/09/02 17:01:19 [notice] 1#1: start worker process 29
2023/09/02 17:01:19 [notice] 1#1: start worker process 30
2023/09/02 17:01:19 [notice] 1#1: start worker process 31
2023/09/02 17:01:19 [notice] 1#1: start worker process 32
2023/09/02 17:01:19 [notice] 1#1: start worker process 33
2023/09/02 17:01:19 [notice] 1#1: start worker process 34
2023/09/02 17:01:19 [notice] 1#1: start worker process 35
2023/09/02 17:01:19 [notice] 1#1: start worker process 36
2023/09/02 17:01:19 [notice] 1#1: start worker process 37
2023/09/02 17:01:19 [notice] 1#1: start worker process 38
2023/09/02 17:01:19 [notice] 1#1: start worker process 39
2023/09/02 17:01:23 [error] 28#28: *1 open() "/home/app/web/staticfiles/css/styles.css" failed (2: No such file or directory), client: 172.18.0.1, server: baladanio.tk, request: "GET /static/css/styles.css HTTP/1.1", host: "localhost", referrer: "http://localhost/"
2023/09/02 17:01:23 [error] 29#29: *2 open() "/home/app/web/staticfiles/images/free-30-instagram-stories-icons23_122570.png" failed (2: No such file or directory), client: 172.18.0.1, server: baladanio.tk, request: "GET /static/images/free-30-instagram-stories-icons23_122570.png HTTP/1.1", host: "localhost", referrer: "http://localhost/"
2023/09/02 17:01:23 [error] 29#29: *2 open() "/home/app/web/staticfiles/images/search.png" failed (2: No such file or directory), client: 172.18.0.1, server: baladanio.tk, request: "GET /static/images/search.png HTTP/1.1", host: "localhost", referrer: "http://localhost/"
2023/09/02 17:01:23 [error] 29#29: *2 open() "/home/app/web/staticfiles/images/free-30-instagram-stories-icons23_122570.png" failed (2: No such file or directory), client: 172.18.0.1, server: baladanio.tk, request: "GET /static/images/free-30-instagram-stories-icons23_122570.png HTTP/1.1", host: "localhost", referrer: "http://localhost/"
2023/09/02 17:01:23 [error] 29#29: *2 open() "/home/app/web/staticfiles/images/free-30-instagram-stories-icons23_122570.png" failed (2: No such file or directory), client: 172.18.0.1, server: baladanio.tk, request: "GET /static/images/free-30-instagram-stories-icons23_122570.png HTTP/1.1", host: "localhost", referrer: "http://localhost/"
2023/09/02 17:01:59 [error] 29#29: *2 open() "/home/app/web/staticfiles/css/styles.css" failed (2: No such file or directory), client: 172.18.0.1, server: baladanio.tk, request: "GET /static/css/styles.css HTTP/1.1", host: "localhost", referrer: "http://localhost/"
2023/09/02 17:01:59 [error] 29#29: *2 open() "/home/app/web/staticfiles/images/free-30-instagram-stories-icons23_122570.png" failed (2: No such file or directory), client: 172.18.0.1, server: baladanio.tk, request: "GET /static/images/free-30-instagram-stories-icons23_122570.png HTTP/1.1", host: "localhost", referrer: "http://localhost/"
2023/09/02 17:02:00 [error] 29#29: *2 open() "/home/app/web/staticfiles/images/search.png" failed (2: No such file or directory), client: 172.18.0.1, server: baladanio.tk, request: "GET /static/images/search.png HTTP/1.1", host: "localhost", referrer: "http://localhost/"
2023/09/02 17:02:00 [error] 29#29: *2 open() "/home/app/web/staticfiles/images/free-30-instagram-stories-icons23_122570.png" failed (2: No such file or directory), client: 172.18.0.1, server: baladanio.tk, request: "GET /static/images/free-30-instagram-stories-icons23_122570.png HTTP/1.1", host: "localhost", referrer: "http://localhost/"
2023/09/02 17:02:00 [error] 29#29: *2 open() "/home/app/web/staticfiles/images/free-30-instagram-stories-icons23_122570.png" failed (2: No such file or directory), client: 172.18.0.1, server: baladanio.tk, request: "GET /static/images/free-30-instagram-stories-icons23_122570.png HTTP/1.1", host: "localhost", referrer: "http://localhost/"
2023/09/02 17:02:04 [error] 29#29: *2 open() "/home/app/web/staticfiles/css/styles.css" failed (2: No such file or directory), client: 172.18.0.1, server: baladanio.tk, request: "GET /static/css/styles.css HTTP/1.1", host: "localhost", referrer: "http://localhost/accounts/login/?next=/pets/add/"
2023/09/02 17:02:04 [error] 29#29: *2 open() "/home/app/web/staticfiles/images/free-30-instagram-stories-icons23_122570.png" failed (2: No such file or directory), client: 172.18.0.1, server: baladanio.tk, request: "GET /static/images/free-30-instagram-stories-icons23_122570.png HTTP/1.1", host: "localhost", referrer: "http://localhost/accounts/login/?next=/pets/add/"
2023/09/02 17:02:04 [error] 29#29: *2 open() "/home/app/web/staticfiles/images/free-30-instagram-stories-icons23_122570.png" failed (2: No such file or directory), client: 172.18.0.1, server: baladanio.tk, request: "GET /static/images/free-30-instagram-stories-icons23_122570.png HTTP/1.1", host: "localhost", referrer: "http://localhost/accounts/login/?next=/pets/add/"
2023/09/02 17:02:04 [error] 29#29: *2 open() "/home/app/web/staticfiles/images/free-30-instagram-stories-icons23_122570.png" failed (2: No such file or directory), client: 172.18.0.1, server: baladanio.tk, request: "GET /static/images/free-30-instagram-stories-icons23_122570.png HTTP/1.1", host: "localhost", referrer: "http://localhost/accounts/login/?next=/pets/add/"
2023/09/02 17:02:05 [error] 29#29: *2 open() "/home/app/web/staticfiles/css/styles.css" failed (2: No such file or directory), client: 172.18.0.1, server: baladanio.tk, request: "GET /static/css/styles.css HTTP/1.1", host: "localhost", referrer: "http://localhost/accounts/login/?next=/photos/add/"
2023/09/02 17:02:05 [error] 29#29: *2 open() "/home/app/web/staticfiles/images/free-30-instagram-stories-icons23_122570.png" failed (2: No such file or directory), client: 172.18.0.1, server: baladanio.tk, request: "GET /static/images/free-30-instagram-stories-icons23_122570.png HTTP/1.1", host: "localhost", referrer: "http://localhost/accounts/login/?next=/photos/add/"
2023/09/02 17:02:05 [error] 29#29: *2 open() "/home/app/web/staticfiles/images/free-30-instagram-stories-icons23_122570.png" failed (2: No such file or directory), client: 172.18.0.1, server: baladanio.tk, request: "GET /static/images/free-30-instagram-stories-icons23_122570.png HTTP/1.1", host: "localhost", referrer: "http://localhost/accounts/login/?next=/photos/add/"
2023/09/02 17:02:06 [error] 29#29: *2 open() "/home/app/web/staticfiles/images/free-30-instagram-stories-icons23_122570.png" failed (2: No such file or directory), client: 172.18.0.1, server: baladanio.tk, request: "GET /static/images/free-30-instagram-stories-icons23_122570.png HTTP/1.1", host: "localhost", referrer: "http://localhost/accounts/login/?next=/photos/add/"
2023/09/02 17:02:06 [error] 29#29: *2 open() "/home/app/web/staticfiles/css/styles.css" failed (2: No such file or directory), client: 172.18.0.1, server: baladanio.tk, request: "GET /static/css/styles.css HTTP/1.1", host: "localhost", referrer: "http://localhost/accounts/register/"
2023/09/02 17:02:06 [error] 28#28: *1 open() "/home/app/web/staticfiles/images/free-30-instagram-stories-icons23_122570.png" failed (2: No such file or directory), client: 172.18.0.1, server: baladanio.tk, request: "GET /static/images/free-30-instagram-stories-icons23_122570.png HTTP/1.1", host: "localhost", referrer: "http://localhost/accounts/register/"
2023/09/02 17:02:06 [error] 28#28: *1 open() "/home/app/web/staticfiles/images/free-30-instagram-stories-icons23_122570.png" failed (2: No such file or directory), client: 172.18.0.1, server: baladanio.tk, request: "GET /static/images/free-30-instagram-stories-icons23_122570.png HTTP/1.1", host: "localhost", referrer: "http://localhost/accounts/register/"
2023/09/02 17:02:06 [error] 28#28: *1 open() "/home/app/web/staticfiles/images/free-30-instagram-stories-icons23_122570.png" failed (2: No such file or directory), client: 172.18.0.1, server: baladanio.tk, request: "GET /static/images/free-30-instagram-stories-icons23_122570.png HTTP/1.1", host: "localhost", referrer: "http://localhost/accounts/register/"
2023/09/02 17:02:07 [error] 28#28: *1 open() "/home/app/web/staticfiles/css/styles.css" failed (2: No such file or directory), client: 172.18.0.1, server: baladanio.tk, request: "GET /static/css/styles.css HTTP/1.1", host: "localhost", referrer: "http://localhost/accounts/login/"
2023/09/02 17:02:07 [error] 28#28: *1 open() "/home/app/web/staticfiles/images/free-30-instagram-stories-icons23_122570.png" failed (2: No such file or directory), client: 172.18.0.1, server: baladanio.tk, request: "GET /static/images/free-30-instagram-stories-icons23_122570.png HTTP/1.1", host: "localhost", referrer: "http://localhost/accounts/login/"
2023/09/02 17:02:07 [error] 28#28: *1 open() "/home/app/web/staticfiles/images/free-30-instagram-stories-icons23_122570.png" failed (2: No such file or directory), client: 172.18.0.1, server: baladanio.tk, request: "GET /static/images/free-30-instagram-stories-icons23_122570.png HTTP/1.1", host: "localhost", referrer: "http://localhost/accounts/login/"
2023/09/02 17:02:07 [error] 28#28: *1 open() "/home/app/web/staticfiles/images/free-30-instagram-stories-icons23_122570.png" failed (2: No such file or directory), client: 172.18.0.1, server: baladanio.tk, request: "GET /static/images/free-30-instagram-stories-icons23_122570.png HTTP/1.1", host: "localhost", referrer: "http://localhost/accounts/login/"
2023/09/02 17:02:08 [error] 28#28: *1 open() "/home/app/web/staticfiles/css/styles.css" failed (2: No such file or directory), client: 172.18.0.1, server: baladanio.tk, request: "GET /static/css/styles.css HTTP/1.1", host: "localhost", referrer: "http://localhost/"
2023/09/02 17:02:08 [error] 29#29: *2 open() "/home/app/web/staticfiles/images/free-30-instagram-stories-icons23_122570.png" failed (2: No such file or directory), client: 172.18.0.1, server: baladanio.tk, request: "GET /static/images/free-30-instagram-stories-icons23_122570.png HTTP/1.1", host: "localhost", referrer: "http://localhost/"
2023/09/02 17:02:08 [error] 28#28: *1 open() "/home/app/web/staticfiles/images/search.png" failed (2: No such file or directory), client: 172.18.0.1, server: baladanio.tk, request: "GET /static/images/search.png HTTP/1.1", host: "localhost", referrer: "http://localhost/"
2023/09/02 17:02:08 [error] 28#28: *1 open() "/home/app/web/staticfiles/images/free-30-instagram-stories-icons23_122570.png" failed (2: No such file or directory), client: 172.18.0.1, server: baladanio.tk, request: "GET /static/images/free-30-instagram-stories-icons23_122570.png HTTP/1.1", host: "localhost", referrer: "http://localhost/"
2023/09/02 17:02:08 [error] 28#28: *1 open() "/home/app/web/staticfiles/images/free-30-instagram-stories-icons23_122570.png" failed (2: No such file or directory), client: 172.18.0.1, server: baladanio.tk, request: "GET /static/images/free-30-instagram-stories-icons23_122570.png HTTP/1.1", host: "localhost", referrer: "http://localhost/"
2023/09/02 17:04:05 [notice] 1#1: signal 3 (SIGQUIT) received, shutting down
2023/09/02 17:04:05 [notice] 28#28: gracefully shutting down
2023/09/02 17:04:05 [notice] 28#28: exiting
2023/09/02 17:04:05 [notice] 30#30: gracefully shutting down
2023/09/02 17:04:05 [notice] 29#29: gracefully shutting down
2023/09/02 17:04:05 [notice] 31#31: gracefully shutting down
2023/09/02 17:04:05 [notice] 32#32: gracefully shutting down
2023/09/02 17:04:05 [notice] 33#33: gracefully shutting down
2023/09/02 17:04:05 [notice] 34#34: gracefully shutting down
2023/09/02 17:04:05 [notice] 35#35: gracefully shutting down
2023/09/02 17:04:05 [notice] 36#36: gracefully shutting down
2023/09/02 17:04:05 [notice] 38#38: gracefully shutting down
2023/09/02 17:04:05 [notice] 38#38: exiting
2023/09/02 17:04:05 [notice] 37#37: gracefully shutting down
2023/09/02 17:04:05 [notice] 39#39: gracefully shutting down
2023/09/02 17:04:05 [notice] 28#28: exit
2023/09/02 17:04:05 [notice] 30#30: exiting
2023/09/02 17:04:05 [notice] 29#29: exiting
2023/09/02 17:04:05 [notice] 31#31: exiting
2023/09/02 17:04:05 [notice] 32#32: exiting
2023/09/02 17:04:05 [notice] 33#33: exiting
2023/09/02 17:04:05 [notice] 34#34: exiting
2023/09/02 17:04:05 [notice] 35#35: exiting
2023/09/02 17:04:05 [notice] 36#36: exiting
2023/09/02 17:04:05 [notice] 38#38: exit
2023/09/02 17:04:05 [notice] 37#37: exiting
2023/09/02 17:04:05 [notice] 39#39: exiting
2023/09/02 17:04:05 [notice] 30#30: exit
2023/09/02 17:04:05 [notice] 29#29: exit
2023/09/02 17:04:05 [notice] 31#31: exit
2023/09/02 17:04:05 [notice] 32#32: exit
2023/09/02 17:04:05 [notice] 33#33: exit
2023/09/02 17:04:05 [notice] 34#34: exit
2023/09/02 17:04:05 [notice] 35#35: exit
2023/09/02 17:04:05 [notice] 36#36: exit
2023/09/02 17:04:05 [notice] 37#37: exit
2023/09/02 17:04:05 [notice] 39#39: exit
2023/09/02 17:04:05 [notice] 1#1: signal 17 (SIGCHLD) received from 28
2023/09/02 17:04:05 [notice] 1#1: worker process 28 exited with code 0
2023/09/02 17:04:05 [notice] 1#1: signal 29 (SIGIO) received
2023/09/02 17:04:05 [notice] 1#1: signal 17 (SIGCHLD) received from 38
2023/09/02 17:04:05 [notice] 1#1: worker process 29 exited with code 0
2023/09/02 17:04:05 [notice] 1#1: worker process 30 exited with code 0
2023/09/02 17:04:05 [notice] 1#1: worker process 31 exited with code 0
2023/09/02 17:04:05 [notice] 1#1: worker process 33 exited with code 0
2023/09/02 17:04:05 [notice] 1#1: worker process 34 exited with code 0
2023/09/02 17:04:05 [notice] 1#1: worker process 36 exited with code 0
2023/09/02 17:04:05 [notice] 1#1: worker process 38 exited with code 0
2023/09/02 17:04:05 [notice] 1#1: worker process 39 exited with code 0
2023/09/02 17:04:05 [notice] 1#1: signal 29 (SIGIO) received
2023/09/02 17:04:05 [notice] 1#1: signal 17 (SIGCHLD) received from 39
2023/09/02 17:04:05 [notice] 1#1: signal 17 (SIGCHLD) received from 35
2023/09/02 17:04:05 [notice] 1#1: worker process 35 exited with code 0
2023/09/02 17:04:05 [notice] 1#1: signal 29 (SIGIO) received
2023/09/02 17:04:05 [notice] 1#1: signal 17 (SIGCHLD) received from 32
2023/09/02 17:04:05 [notice] 1#1: worker process 32 exited with code 0
2023/09/02 17:04:05 [notice] 1#1: worker process 37 exited with code 0
2023/09/02 17:04:05 [notice] 1#1: exit
2023/09/02 17:04:06 [notice] 1#1: using the "epoll" event method
2023/09/02 17:04:06 [notice] 1#1: nginx/1.25.2
2023/09/02 17:04:06 [notice] 1#1: built by gcc 12.2.0 (Debian 12.2.0-14) 
2023/09/02 17:04:06 [notice] 1#1: OS: Linux 5.15.90.1-microsoft-standard-WSL2
2023/09/02 17:04:06 [notice] 1#1: getrlimit(RLIMIT_NOFILE): 1048576:1048576
2023/09/02 17:04:06 [notice] 1#1: start worker processes
2023/09/02 17:04:06 [notice] 1#1: start worker process 28
2023/09/02 17:04:06 [notice] 1#1: start worker process 29
2023/09/02 17:04:06 [notice] 1#1: start worker process 30
2023/09/02 17:04:06 [notice] 1#1: start worker process 31
2023/09/02 17:04:06 [notice] 1#1: start worker process 32
2023/09/02 17:04:06 [notice] 1#1: start worker process 33
2023/09/02 17:04:06 [notice] 1#1: start worker process 34
2023/09/02 17:04:06 [notice] 1#1: start worker process 35
2023/09/02 17:04:06 [notice] 1#1: start worker process 36
2023/09/02 17:04:06 [notice] 1#1: start worker process 37
2023/09/02 17:04:06 [notice] 1#1: start worker process 38
2023/09/02 17:04:06 [notice] 1#1: start worker process 39
2023/09/02 17:04:10 [error] 29#29: *2 open() "/home/app/web/staticfiles/css/styles.css" failed (2: No such file or directory), client: 172.18.0.1, server: , request: "GET /static/css/styles.css HTTP/1.1", host: "localhost", referrer: "http://localhost/"
2023/09/02 17:04:10 [error] 29#29: *2 open() "/home/app/web/staticfiles/images/free-30-instagram-stories-icons23_122570.png" failed (2: No such file or directory), client: 172.18.0.1, server: , request: "GET /static/images/free-30-instagram-stories-icons23_122570.png HTTP/1.1", host: "localhost", referrer: "http://localhost/"
2023/09/02 17:04:11 [error] 29#29: *2 open() "/home/app/web/staticfiles/images/search.png" failed (2: No such file or directory), client: 172.18.0.1, server: , request: "GET /static/images/search.png HTTP/1.1", host: "localhost", referrer: "http://localhost/"
2023/09/02 17:04:11 [error] 29#29: *2 open() "/home/app/web/staticfiles/images/free-30-instagram-stories-icons23_122570.png" failed (2: No such file or directory), client: 172.18.0.1, server: , request: "GET /static/images/free-30-instagram-stories-icons23_122570.png HTTP/1.1", host: "localhost", referrer: "http://localhost/"
2023/09/02 17:04:11 [error] 29#29: *2 open() "/home/app/web/staticfiles/images/free-30-instagram-stories-icons23_122570.png" failed (2: No such file or directory), client: 172.18.0.1, server: , request: "GET /static/images/free-30-instagram-stories-icons23_122570.png HTTP/1.1", host: "localhost", referrer: "http://localhost/"
2023/09/02 17:04:15 [error] 29#29: *2 open() "/home/app/web/staticfiles/css/styles.css" failed (2: No such file or directory), client: 172.18.0.1, server: , request: "GET /static/css/styles.css HTTP/1.1", host: "localhost", referrer: "http://localhost/accounts/login/?next=/pets/add/"
2023/09/02 17:04:15 [error] 29#29: *2 open() "/home/app/web/staticfiles/images/free-30-instagram-stories-icons23_122570.png" failed (2: No such file or directory), client: 172.18.0.1, server: , request: "GET /static/images/free-30-instagram-stories-icons23_122570.png HTTP/1.1", host: "localhost", referrer: "http://localhost/accounts/login/?next=/pets/add/"
2023/09/02 17:04:15 [error] 29#29: *2 open() "/home/app/web/staticfiles/images/free-30-instagram-stories-icons23_122570.png" failed (2: No such file or directory), client: 172.18.0.1, server: , request: "GET /static/images/free-30-instagram-stories-icons23_122570.png HTTP/1.1", host: "localhost", referrer: "http://localhost/accounts/login/?next=/pets/add/"
2023/09/02 17:04:16 [error] 29#29: *2 open() "/home/app/web/staticfiles/images/free-30-instagram-stories-icons23_122570.png" failed (2: No such file or directory), client: 172.18.0.1, server: , request: "GET /static/images/free-30-instagram-stories-icons23_122570.png HTTP/1.1", host: "localhost", referrer: "http://localhost/accounts/login/?next=/pets/add/"
2023/09/02 17:04:16 [error] 29#29: *2 open() "/home/app/web/staticfiles/css/styles.css" failed (2: No such file or directory), client: 172.18.0.1, server: , request: "GET /static/css/styles.css HTTP/1.1", host: "localhost", referrer: "http://localhost/accounts/login/?next=/photos/add/"
2023/09/02 17:04:16 [error] 28#28: *1 open() "/home/app/web/staticfiles/images/free-30-instagram-stories-icons23_122570.png" failed (2: No such file or directory), client: 172.18.0.1, server: , request: "GET /static/images/free-30-instagram-stories-icons23_122570.png HTTP/1.1", host: "localhost", referrer: "http://localhost/accounts/login/?next=/photos/add/"
2023/09/02 17:04:16 [error] 28#28: *1 open() "/home/app/web/staticfiles/images/free-30-instagram-stories-icons23_122570.png" failed (2: No such file or directory), client: 172.18.0.1, server: , request: "GET /static/images/free-30-instagram-stories-icons23_122570.png HTTP/1.1", host: "localhost", referrer: "http://localhost/accounts/login/?next=/photos/add/"
2023/09/02 17:04:17 [error] 28#28: *1 open() "/home/app/web/staticfiles/images/free-30-instagram-stories-icons23_122570.png" failed (2: No such file or directory), client: 172.18.0.1, server: , request: "GET /static/images/free-30-instagram-stories-icons23_122570.png HTTP/1.1", host: "localhost", referrer: "http://localhost/accounts/login/?next=/photos/add/"
2023/09/02 17:04:18 [error] 28#28: *1 open() "/home/app/web/staticfiles/css/styles.css" failed (2: No such file or directory), client: 172.18.0.1, server: , request: "GET /static/css/styles.css HTTP/1.1", host: "localhost", referrer: "http://localhost/accounts/login/?next=/pets/add/"
2023/09/02 17:04:18 [error] 29#29: *2 open() "/home/app/web/staticfiles/images/free-30-instagram-stories-icons23_122570.png" failed (2: No such file or directory), client: 172.18.0.1, server: , request: "GET /static/images/free-30-instagram-stories-icons23_122570.png HTTP/1.1", host: "localhost", referrer: "http://localhost/accounts/login/?next=/pets/add/"
2023/09/02 17:04:18 [error] 29#29: *2 open() "/home/app/web/staticfiles/images/free-30-instagram-stories-icons23_122570.png" failed (2: No such file or directory), client: 172.18.0.1, server: , request: "GET /static/images/free-30-instagram-stories-icons23_122570.png HTTP/1.1", host: "localhost", referrer: "http://localhost/accounts/login/?next=/pets/add/"
2023/09/02 17:04:18 [error] 29#29: *2 open() "/home/app/web/staticfiles/images/free-30-instagram-stories-icons23_122570.png" failed (2: No such file or directory), client: 172.18.0.1, server: , request: "GET /static/images/free-30-instagram-stories-icons23_122570.png HTTP/1.1", host: "localhost", referrer: "http://localhost/accounts/login/?next=/pets/add/"
2023/09/02 17:05:21 [notice] 1#1: signal 3 (SIGQUIT) received, shutting down
2023/09/02 17:05:21 [notice] 28#28: gracefully shutting down
2023/09/02 17:05:21 [notice] 29#29: gracefully shutting down
2023/09/02 17:05:21 [notice] 31#31: gracefully shutting down
2023/09/02 17:05:21 [notice] 30#30: gracefully shutting down
2023/09/02 17:05:21 [notice] 30#30: exiting
2023/09/02 17:05:21 [notice] 32#32: gracefully shutting down
2023/09/02 17:05:21 [notice] 33#33: gracefully shutting down
2023/09/02 17:05:21 [notice] 33#33: exiting
2023/09/02 17:05:21 [notice] 34#34: gracefully shutting down
2023/09/02 17:05:21 [notice] 35#35: gracefully shutting down
2023/09/02 17:05:21 [notice] 36#36: gracefully shutting down
2023/09/02 17:05:21 [notice] 36#36: exiting
2023/09/02 17:05:21 [notice] 37#37: gracefully shutting down
2023/09/02 17:05:21 [notice] 38#38: gracefully shutting down
2023/09/02 17:05:21 [notice] 39#39: gracefully shutting down
2023/09/02 17:05:21 [notice] 28#28: exiting
2023/09/02 17:05:21 [notice] 29#29: exiting
2023/09/02 17:05:21 [notice] 31#31: exiting
2023/09/02 17:05:21 [notice] 30#30: exit
2023/09/02 17:05:21 [notice] 32#32: exiting
2023/09/02 17:05:21 [notice] 33#33: exit
2023/09/02 17:05:21 [notice] 34#34: exiting
2023/09/02 17:05:21 [notice] 35#35: exiting
2023/09/02 17:05:21 [notice] 36#36: exit
2023/09/02 17:05:21 [notice] 37#37: exiting
2023/09/02 17:05:21 [notice] 38#38: exiting
2023/09/02 17:05:21 [notice] 39#39: exiting
2023/09/02 17:05:21 [notice] 28#28: exit
2023/09/02 17:05:21 [notice] 29#29: exit
2023/09/02 17:05:21 [notice] 31#31: exit
2023/09/02 17:05:21 [notice] 32#32: exit
2023/09/02 17:05:21 [notice] 34#34: exit
2023/09/02 17:05:21 [notice] 35#35: exit
2023/09/02 17:05:21 [notice] 37#37: exit
2023/09/02 17:05:21 [notice] 38#38: exit
2023/09/02 17:05:21 [notice] 39#39: exit
2023/09/02 17:05:21 [notice] 1#1: signal 17 (SIGCHLD) received from 31
2023/09/02 17:05:21 [notice] 1#1: worker process 30 exited with code 0
2023/09/02 17:05:21 [notice] 1#1: worker process 31 exited with code 0
2023/09/02 17:05:21 [notice] 1#1: worker process 32 exited with code 0
2023/09/02 17:05:21 [notice] 1#1: worker process 33 exited with code 0
2023/09/02 17:05:21 [notice] 1#1: worker process 36 exited with code 0
2023/09/02 17:05:21 [notice] 1#1: signal 29 (SIGIO) received
2023/09/02 17:05:21 [notice] 1#1: signal 17 (SIGCHLD) received from 29
2023/09/02 17:05:21 [notice] 1#1: worker process 29 exited with code 0
2023/09/02 17:05:21 [notice] 1#1: worker process 34 exited with code 0
2023/09/02 17:05:21 [notice] 1#1: signal 29 (SIGIO) received
2023/09/02 17:05:21 [notice] 1#1: signal 17 (SIGCHLD) received from 39
2023/09/02 17:05:21 [notice] 1#1: worker process 28 exited with code 0
2023/09/02 17:05:21 [notice] 1#1: worker process 38 exited with code 0
2023/09/02 17:05:21 [notice] 1#1: worker process 39 exited with code 0
2023/09/02 17:05:21 [notice] 1#1: signal 29 (SIGIO) received
2023/09/02 17:05:21 [notice] 1#1: signal 17 (SIGCHLD) received from 35
2023/09/02 17:05:21 [notice] 1#1: worker process 35 exited with code 0
2023/09/02 17:05:21 [notice] 1#1: signal 29 (SIGIO) received
2023/09/02 17:05:21 [notice] 1#1: signal 17 (SIGCHLD) received from 37
2023/09/02 17:05:21 [notice] 1#1: worker process 37 exited with code 0
2023/09/02 17:05:21 [notice] 1#1: exit
2023/09/02 17:05:22 [notice] 1#1: using the "epoll" event method
2023/09/02 17:05:22 [notice] 1#1: nginx/1.25.2
2023/09/02 17:05:22 [notice] 1#1: built by gcc 12.2.0 (Debian 12.2.0-14) 
2023/09/02 17:05:22 [notice] 1#1: OS: Linux 5.15.90.1-microsoft-standard-WSL2
2023/09/02 17:05:22 [notice] 1#1: getrlimit(RLIMIT_NOFILE): 1048576:1048576
2023/09/02 17:05:22 [notice] 1#1: start worker processes
2023/09/02 17:05:22 [notice] 1#1: start worker process 28
2023/09/02 17:05:22 [notice] 1#1: start worker process 29
2023/09/02 17:05:22 [notice] 1#1: start worker process 30
2023/09/02 17:05:22 [notice] 1#1: start worker process 31
2023/09/02 17:05:22 [notice] 1#1: start worker process 32
2023/09/02 17:05:22 [notice] 1#1: start worker process 33
2023/09/02 17:05:22 [notice] 1#1: start worker process 34
2023/09/02 17:05:22 [notice] 1#1: start worker process 35
2023/09/02 17:05:22 [notice] 1#1: start worker process 36
2023/09/02 17:05:22 [notice] 1#1: start worker process 37
2023/09/02 17:05:22 [notice] 1#1: start worker process 38
2023/09/02 17:05:22 [notice] 1#1: start worker process 39
2023/09/02 17:05:33 [error] 29#29: *2 open() "/home/app/web/staticfiles/css/styles.css" failed (2: No such file or directory), client: 172.18.0.1, server: , request: "GET /static/css/styles.css HTTP/1.1", host: "localhost", referrer: "http://localhost/"
2023/09/02 17:05:33 [error] 29#29: *2 open() "/home/app/web/staticfiles/images/free-30-instagram-stories-icons23_122570.png" failed (2: No such file or directory), client: 172.18.0.1, server: , request: "GET /static/images/free-30-instagram-stories-icons23_122570.png HTTP/1.1", host: "localhost", referrer: "http://localhost/"
2023/09/02 17:05:34 [error] 29#29: *2 open() "/home/app/web/staticfiles/images/search.png" failed (2: No such file or directory), client: 172.18.0.1, server: , request: "GET /static/images/search.png HTTP/1.1", host: "localhost", referrer: "http://localhost/"
2023/09/02 17:05:34 [error] 29#29: *2 open() "/home/app/web/staticfiles/images/free-30-instagram-stories-icons23_122570.png" failed (2: No such file or directory), client: 172.18.0.1, server: , request: "GET /static/images/free-30-instagram-stories-icons23_122570.png HTTP/1.1", host: "localhost", referrer: "http://localhost/"
2023/09/02 17:05:34 [error] 29#29: *2 open() "/home/app/web/staticfiles/images/free-30-instagram-stories-icons23_122570.png" failed (2: No such file or directory), client: 172.18.0.1, server: , request: "GET /static/images/free-30-instagram-stories-icons23_122570.png HTTP/1.1", host: "localhost", referrer: "http://localhost/"
2023/09/02 17:05:48 [notice] 1#1: signal 3 (SIGQUIT) received, shutting down
2023/09/02 17:05:48 [notice] 28#28: gracefully shutting down
2023/09/02 17:05:48 [notice] 35#35: gracefully shutting down
2023/09/02 17:05:48 [notice] 29#29: gracefully shutting down
2023/09/02 17:05:48 [notice] 30#30: gracefully shutting down
2023/09/02 17:05:48 [notice] 30#30: exiting
2023/09/02 17:05:48 [notice] 31#31: gracefully shutting down
2023/09/02 17:05:48 [notice] 31#31: exiting
2023/09/02 17:05:48 [notice] 33#33: gracefully shutting down
2023/09/02 17:05:48 [notice] 33#33: exiting
2023/09/02 17:05:48 [notice] 34#34: gracefully shutting down
2023/09/02 17:05:48 [notice] 34#34: exiting
2023/09/02 17:05:48 [notice] 32#32: gracefully shutting down
2023/09/02 17:05:48 [notice] 32#32: exiting
2023/09/02 17:05:48 [notice] 36#36: gracefully shutting down
2023/09/02 17:05:48 [notice] 37#37: gracefully shutting down
2023/09/02 17:05:48 [notice] 38#38: gracefully shutting down
2023/09/02 17:05:48 [notice] 38#38: exiting
2023/09/02 17:05:48 [notice] 39#39: gracefully shutting down
2023/09/02 17:05:48 [notice] 35#35: exiting
2023/09/02 17:05:48 [notice] 29#29: exiting
2023/09/02 17:05:48 [notice] 30#30: exit
2023/09/02 17:05:48 [notice] 31#31: exit
2023/09/02 17:05:48 [notice] 33#33: exit
2023/09/02 17:05:48 [notice] 34#34: exit
2023/09/02 17:05:48 [notice] 32#32: exit
2023/09/02 17:05:48 [notice] 36#36: exiting
2023/09/02 17:05:48 [notice] 37#37: exiting
2023/09/02 17:05:48 [notice] 38#38: exit
2023/09/02 17:05:48 [notice] 39#39: exiting
2023/09/02 17:05:48 [notice] 35#35: exit
2023/09/02 17:05:48 [notice] 29#29: exit
2023/09/02 17:05:48 [notice] 36#36: exit
2023/09/02 17:05:48 [notice] 37#37: exit
2023/09/02 17:05:48 [notice] 39#39: exit
2023/09/02 17:05:48 [notice] 1#1: signal 17 (SIGCHLD) received from 34
2023/09/02 17:05:48 [notice] 1#1: worker process 29 exited with code 0
2023/09/02 17:05:48 [notice] 1#1: worker process 30 exited with code 0
2023/09/02 17:05:48 [notice] 1#1: worker process 32 exited with code 0
2023/09/02 17:05:48 [notice] 1#1: worker process 34 exited with code 0
2023/09/02 17:05:48 [notice] 1#1: worker process 37 exited with code 0
2023/09/02 17:05:48 [notice] 1#1: worker process 39 exited with code 0
2023/09/02 17:05:48 [notice] 1#1: signal 29 (SIGIO) received
2023/09/02 17:05:48 [notice] 1#1: signal 17 (SIGCHLD) received from 37
2023/09/02 17:05:48 [notice] 1#1: signal 17 (SIGCHLD) received from 35
2023/09/02 17:05:48 [notice] 1#1: worker process 31 exited with code 0
2023/09/02 17:05:48 [notice] 1#1: worker process 35 exited with code 0
2023/09/02 17:05:48 [notice] 1#1: signal 29 (SIGIO) received
2023/09/02 17:05:48 [notice] 1#1: signal 17 (SIGCHLD) received from 36
2023/09/02 17:05:48 [notice] 1#1: worker process 33 exited with code 0
2023/09/02 17:05:48 [notice] 1#1: worker process 36 exited with code 0
2023/09/02 17:05:48 [notice] 1#1: worker process 38 exited with code 0
2023/09/02 17:05:48 [notice] 1#1: signal 29 (SIGIO) received
2023/09/02 17:05:48 [notice] 1#1: signal 17 (SIGCHLD) received from 38
2023/09/02 17:05:59 [notice] 1#1: using the "epoll" event method
2023/09/02 17:05:59 [notice] 1#1: nginx/1.25.2
2023/09/02 17:05:59 [notice] 1#1: built by gcc 12.2.0 (Debian 12.2.0-14) 
2023/09/02 17:05:59 [notice] 1#1: OS: Linux 5.15.90.1-microsoft-standard-WSL2
2023/09/02 17:05:59 [notice] 1#1: getrlimit(RLIMIT_NOFILE): 1048576:1048576
2023/09/02 17:05:59 [notice] 1#1: start worker processes
2023/09/02 17:05:59 [notice] 1#1: start worker process 28
2023/09/02 17:05:59 [notice] 1#1: start worker process 29
2023/09/02 17:05:59 [notice] 1#1: start worker process 30
2023/09/02 17:05:59 [notice] 1#1: start worker process 31
2023/09/02 17:05:59 [notice] 1#1: start worker process 32
2023/09/02 17:05:59 [notice] 1#1: start worker process 33
2023/09/02 17:05:59 [notice] 1#1: start worker process 34
2023/09/02 17:05:59 [notice] 1#1: start worker process 35
2023/09/02 17:05:59 [notice] 1#1: start worker process 36
2023/09/02 17:05:59 [notice] 1#1: start worker process 37
2023/09/02 17:05:59 [notice] 1#1: start worker process 38
2023/09/02 17:05:59 [notice] 1#1: start worker process 39
2023/09/02 17:06:42 [error] 28#28: *1 open() "/home/app/web/staticfiles/css/styles.css" failed (2: No such file or directory), client: 172.18.0.1, server: , request: "GET /static/css/styles.css HTTP/1.1", host: "localhost", referrer: "http://localhost/"
2023/09/02 17:06:42 [error] 29#29: *3 open() "/home/app/web/staticfiles/images/free-30-instagram-stories-icons23_122570.png" failed (2: No such file or directory), client: 172.18.0.1, server: , request: "GET /static/images/free-30-instagram-stories-icons23_122570.png HTTP/1.1", host: "localhost", referrer: "http://localhost/"
2023/09/02 17:06:43 [error] 29#29: *3 open() "/home/app/web/staticfiles/images/search.png" failed (2: No such file or directory), client: 172.18.0.1, server: , request: "GET /static/images/search.png HTTP/1.1", host: "localhost", referrer: "http://localhost/"
2023/09/02 17:06:43 [error] 29#29: *3 open() "/home/app/web/staticfiles/images/free-30-instagram-stories-icons23_122570.png" failed (2: No such file or directory), client: 172.18.0.1, server: , request: "GET /static/images/free-30-instagram-stories-icons23_122570.png HTTP/1.1", host: "localhost", referrer: "http://localhost/"
2023/09/02 17:06:44 [error] 29#29: *3 open() "/home/app/web/staticfiles/images/free-30-instagram-stories-icons23_122570.png" failed (2: No such file or directory), client: 172.18.0.1, server: , request: "GET /static/images/free-30-instagram-stories-icons23_122570.png HTTP/1.1", host: "localhost", referrer: "http://localhost/"
2023/09/02 17:08:28 [notice] 1#1: signal 3 (SIGQUIT) received, shutting down
2023/09/02 17:08:28 [notice] 28#28: gracefully shutting down
2023/09/02 17:08:28 [notice] 29#29: gracefully shutting down
2023/09/02 17:08:28 [notice] 29#29: exiting
2023/09/02 17:08:28 [notice] 30#30: gracefully shutting down
2023/09/02 17:08:28 [notice] 31#31: gracefully shutting down
2023/09/02 17:08:28 [notice] 32#32: gracefully shutting down
2023/09/02 17:08:28 [notice] 32#32: exiting
2023/09/02 17:08:28 [notice] 33#33: gracefully shutting down
2023/09/02 17:08:28 [notice] 33#33: exiting
2023/09/02 17:08:28 [notice] 34#34: gracefully shutting down
2023/09/02 17:08:28 [notice] 34#34: exiting
2023/09/02 17:08:28 [notice] 35#35: gracefully shutting down
2023/09/02 17:08:28 [notice] 36#36: gracefully shutting down
2023/09/02 17:08:28 [notice] 36#36: exiting
2023/09/02 17:08:28 [notice] 37#37: gracefully shutting down
2023/09/02 17:08:28 [notice] 38#38: gracefully shutting down
2023/09/02 17:08:28 [notice] 38#38: exiting
2023/09/02 17:08:28 [notice] 39#39: gracefully shutting down
2023/09/02 17:08:28 [notice] 28#28: exiting
2023/09/02 17:08:28 [notice] 29#29: exit
2023/09/02 17:08:28 [notice] 30#30: exiting
2023/09/02 17:08:28 [notice] 31#31: exiting
2023/09/02 17:08:28 [notice] 32#32: exit
2023/09/02 17:08:28 [notice] 33#33: exit
2023/09/02 17:08:28 [notice] 34#34: exit
2023/09/02 17:08:28 [notice] 35#35: exiting
2023/09/02 17:08:28 [notice] 36#36: exit
2023/09/02 17:08:28 [notice] 37#37: exiting
2023/09/02 17:08:28 [notice] 38#38: exit
2023/09/02 17:08:28 [notice] 39#39: exiting
2023/09/02 17:08:28 [notice] 28#28: exit
2023/09/02 17:08:28 [notice] 30#30: exit
2023/09/02 17:08:28 [notice] 31#31: exit
2023/09/02 17:08:28 [notice] 35#35: exit
2023/09/02 17:08:28 [notice] 37#37: exit
2023/09/02 17:08:28 [notice] 39#39: exit
2023/09/02 17:08:29 [notice] 1#1: signal 17 (SIGCHLD) received from 30
2023/09/02 17:08:29 [notice] 1#1: worker process 30 exited with code 0
2023/09/02 17:08:29 [notice] 1#1: signal 29 (SIGIO) received
2023/09/02 17:08:29 [notice] 1#1: signal 17 (SIGCHLD) received from 33
2023/09/02 17:08:29 [notice] 1#1: worker process 29 exited with code 0
2023/09/02 17:08:29 [notice] 1#1: worker process 31 exited with code 0
2023/09/02 17:08:29 [notice] 1#1: worker process 32 exited with code 0
2023/09/02 17:08:29 [notice] 1#1: worker process 33 exited with code 0
2023/09/02 17:08:29 [notice] 1#1: worker process 35 exited with code 0
2023/09/02 17:08:29 [notice] 1#1: worker process 36 exited with code 0
2023/09/02 17:08:29 [notice] 1#1: signal 29 (SIGIO) received
2023/09/02 17:08:29 [notice] 1#1: signal 17 (SIGCHLD) received from 32
2023/09/02 17:08:29 [notice] 1#1: signal 17 (SIGCHLD) received from 34
2023/09/02 17:08:29 [notice] 1#1: worker process 34 exited with code 0
2023/09/02 17:08:29 [notice] 1#1: worker process 38 exited with code 0
2023/09/02 17:08:29 [notice] 1#1: signal 29 (SIGIO) received
2023/09/02 17:08:29 [notice] 1#1: signal 17 (SIGCHLD) received from 39
2023/09/02 17:08:29 [notice] 1#1: worker process 39 exited with code 0
2023/09/02 17:08:29 [notice] 1#1: signal 29 (SIGIO) received
2023/09/02 17:08:29 [notice] 1#1: signal 17 (SIGCHLD) received from 28
2023/09/02 17:08:29 [notice] 1#1: worker process 28 exited with code 0
2023/09/02 17:08:29 [notice] 1#1: signal 29 (SIGIO) received
2023/09/02 17:08:29 [notice] 1#1: signal 17 (SIGCHLD) received from 37
2023/09/02 17:08:29 [notice] 1#1: worker process 37 exited with code 0
2023/09/02 17:08:29 [notice] 1#1: exit
2023/09/02 17:08:30 [notice] 1#1: using the "epoll" event method
2023/09/02 17:08:30 [notice] 1#1: nginx/1.25.2
2023/09/02 17:08:30 [notice] 1#1: built by gcc 12.2.0 (Debian 12.2.0-14) 
2023/09/02 17:08:30 [notice] 1#1: OS: Linux 5.15.90.1-microsoft-standard-WSL2
2023/09/02 17:08:30 [notice] 1#1: getrlimit(RLIMIT_NOFILE): 1048576:1048576
2023/09/02 17:08:30 [notice] 1#1: start worker processes
2023/09/02 17:08:30 [notice] 1#1: start worker process 28
2023/09/02 17:08:30 [notice] 1#1: start worker process 29
2023/09/02 17:08:30 [notice] 1#1: start worker process 30
2023/09/02 17:08:30 [notice] 1#1: start worker process 31
2023/09/02 17:08:30 [notice] 1#1: start worker process 32
2023/09/02 17:08:30 [notice] 1#1: start worker process 33
2023/09/02 17:08:30 [notice] 1#1: start worker process 34
2023/09/02 17:08:30 [notice] 1#1: start worker process 35
2023/09/02 17:08:30 [notice] 1#1: start worker process 36
2023/09/02 17:08:30 [notice] 1#1: start worker process 37
2023/09/02 17:08:30 [notice] 1#1: start worker process 38
2023/09/02 17:08:30 [notice] 1#1: start worker process 39
2023/09/02 17:09:24 [notice] 1#1: signal 3 (SIGQUIT) received, shutting down
2023/09/02 17:09:24 [notice] 28#28: gracefully shutting down
2023/09/02 17:09:24 [notice] 37#37: gracefully shutting down
2023/09/02 17:09:24 [notice] 30#30: gracefully shutting down
2023/09/02 17:09:24 [notice] 29#29: gracefully shutting down
2023/09/02 17:09:24 [notice] 31#31: gracefully shutting down
2023/09/02 17:09:24 [notice] 32#32: gracefully shutting down
2023/09/02 17:09:24 [notice] 36#36: gracefully shutting down
2023/09/02 17:09:24 [notice] 34#34: gracefully shutting down
2023/09/02 17:09:24 [notice] 35#35: gracefully shutting down
2023/09/02 17:09:24 [notice] 33#33: gracefully shutting down
2023/09/02 17:09:24 [notice] 38#38: gracefully shutting down
2023/09/02 17:09:24 [notice] 39#39: gracefully shutting down
2023/09/02 17:09:24 [notice] 28#28: exiting
2023/09/02 17:09:24 [notice] 37#37: exiting
2023/09/02 17:09:24 [notice] 30#30: exiting
2023/09/02 17:09:24 [notice] 29#29: exiting
2023/09/02 17:09:24 [notice] 31#31: exiting
2023/09/02 17:09:24 [notice] 32#32: exiting
2023/09/02 17:09:24 [notice] 36#36: exiting
2023/09/02 17:09:24 [notice] 34#34: exiting
2023/09/02 17:09:24 [notice] 35#35: exiting
2023/09/02 17:09:24 [notice] 33#33: exiting
2023/09/02 17:09:24 [notice] 38#38: exiting
2023/09/02 17:09:24 [notice] 39#39: exiting
2023/09/02 17:09:24 [notice] 28#28: exit
2023/09/02 17:09:24 [notice] 37#37: exit
2023/09/02 17:09:24 [notice] 30#30: exit
2023/09/02 17:09:24 [notice] 29#29: exit
2023/09/02 17:09:24 [notice] 31#31: exit
2023/09/02 17:09:24 [notice] 32#32: exit
2023/09/02 17:09:24 [notice] 36#36: exit
2023/09/02 17:09:24 [notice] 34#34: exit
2023/09/02 17:09:24 [notice] 35#35: exit
2023/09/02 17:09:24 [notice] 33#33: exit
2023/09/02 17:09:24 [notice] 38#38: exit
2023/09/02 17:09:24 [notice] 39#39: exit
2023/09/02 17:09:24 [notice] 1#1: signal 17 (SIGCHLD) received from 28
2023/09/02 17:09:24 [notice] 1#1: worker process 28 exited with code 0
2023/09/02 17:09:24 [notice] 1#1: worker process 30 exited with code 0
2023/09/02 17:09:24 [notice] 1#1: signal 29 (SIGIO) received
2023/09/02 17:09:24 [notice] 1#1: signal 17 (SIGCHLD) received from 29
2023/09/02 17:09:24 [notice] 1#1: worker process 29 exited with code 0
2023/09/02 17:09:24 [notice] 1#1: signal 29 (SIGIO) received
2023/09/02 17:09:24 [notice] 1#1: signal 17 (SIGCHLD) received from 35
2023/09/02 17:09:24 [notice] 1#1: worker process 35 exited with code 0
2023/09/02 17:09:24 [notice] 1#1: signal 29 (SIGIO) received
2023/09/02 17:09:24 [notice] 1#1: signal 17 (SIGCHLD) received from 31
2023/09/02 17:09:24 [notice] 1#1: worker process 31 exited with code 0
2023/09/02 17:09:24 [notice] 1#1: worker process 33 exited with code 0
2023/09/02 17:09:24 [notice] 1#1: worker process 34 exited with code 0
2023/09/02 17:09:24 [notice] 1#1: signal 29 (SIGIO) received
2023/09/02 17:09:24 [notice] 1#1: signal 17 (SIGCHLD) received from 34
2023/09/02 17:09:24 [notice] 1#1: signal 17 (SIGCHLD) received from 36
2023/09/02 17:09:24 [notice] 1#1: worker process 36 exited with code 0
2023/09/02 17:09:24 [notice] 1#1: worker process 37 exited with code 0
2023/09/02 17:09:24 [notice] 1#1: worker process 38 exited with code 0
2023/09/02 17:09:24 [notice] 1#1: signal 29 (SIGIO) received
2023/09/02 17:09:24 [notice] 1#1: signal 17 (SIGCHLD) received from 38
2023/09/02 17:09:24 [notice] 1#1: signal 17 (SIGCHLD) received from 39
2023/09/02 17:09:24 [notice] 1#1: worker process 32 exited with code 0
2023/09/02 17:09:24 [notice] 1#1: worker process 39 exited with code 0
2023/09/02 17:09:24 [notice] 1#1: exit
2023/09/02 17:09:25 [notice] 1#1: using the "epoll" event method
2023/09/02 17:09:25 [notice] 1#1: nginx/1.25.2
2023/09/02 17:09:25 [notice] 1#1: built by gcc 12.2.0 (Debian 12.2.0-14) 
2023/09/02 17:09:25 [notice] 1#1: OS: Linux 5.15.90.1-microsoft-standard-WSL2
2023/09/02 17:09:25 [notice] 1#1: getrlimit(RLIMIT_NOFILE): 1048576:1048576
2023/09/02 17:09:25 [notice] 1#1: start worker processes
2023/09/02 17:09:25 [notice] 1#1: start worker process 28
2023/09/02 17:09:25 [notice] 1#1: start worker process 29
2023/09/02 17:09:25 [notice] 1#1: start worker process 30
2023/09/02 17:09:25 [notice] 1#1: start worker process 31
2023/09/02 17:09:25 [notice] 1#1: start worker process 32
2023/09/02 17:09:25 [notice] 1#1: start worker process 33
2023/09/02 17:09:25 [notice] 1#1: start worker process 34
2023/09/02 17:09:25 [notice] 1#1: start worker process 35
2023/09/02 17:09:25 [notice] 1#1: start worker process 36
2023/09/02 17:09:25 [notice] 1#1: start worker process 37
2023/09/02 17:09:25 [notice] 1#1: start worker process 38
2023/09/02 17:09:25 [notice] 1#1: start worker process 39
2023/09/02 17:14:07 [notice] 1#1: signal 3 (SIGQUIT) received, shutting down
2023/09/02 17:14:07 [notice] 29#29: gracefully shutting down
2023/09/02 17:14:07 [notice] 28#28: gracefully shutting down
2023/09/02 17:14:07 [notice] 30#30: gracefully shutting down
2023/09/02 17:14:07 [notice] 32#32: gracefully shutting down
2023/09/02 17:14:07 [notice] 32#32: exiting
2023/09/02 17:14:07 [notice] 31#31: gracefully shutting down
2023/09/02 17:14:07 [notice] 31#31: exiting
2023/09/02 17:14:07 [notice] 33#33: gracefully shutting down
2023/09/02 17:14:07 [notice] 34#34: gracefully shutting down
2023/09/02 17:14:07 [notice] 35#35: gracefully shutting down
2023/09/02 17:14:07 [notice] 36#36: gracefully shutting down
2023/09/02 17:14:07 [notice] 36#36: exiting
2023/09/02 17:14:07 [notice] 37#37: gracefully shutting down
2023/09/02 17:14:07 [notice] 38#38: gracefully shutting down
2023/09/02 17:14:07 [notice] 39#39: gracefully shutting down
2023/09/02 17:14:07 [notice] 39#39: exiting
2023/09/02 17:14:07 [notice] 29#29: exiting
2023/09/02 17:14:07 [notice] 28#28: exiting
2023/09/02 17:14:07 [notice] 30#30: exiting
2023/09/02 17:14:07 [notice] 32#32: exit
2023/09/02 17:14:07 [notice] 31#31: exit
2023/09/02 17:14:07 [notice] 33#33: exiting
2023/09/02 17:14:07 [notice] 34#34: exiting
2023/09/02 17:14:07 [notice] 35#35: exiting
2023/09/02 17:14:07 [notice] 36#36: exit
2023/09/02 17:14:07 [notice] 37#37: exiting
2023/09/02 17:14:07 [notice] 38#38: exiting
2023/09/02 17:14:07 [notice] 39#39: exit
2023/09/02 17:14:07 [notice] 29#29: exit
2023/09/02 17:14:07 [notice] 28#28: exit
2023/09/02 17:14:07 [notice] 30#30: exit
2023/09/02 17:14:07 [notice] 33#33: exit
2023/09/02 17:14:07 [notice] 34#34: exit
2023/09/02 17:14:07 [notice] 35#35: exit
2023/09/02 17:14:07 [notice] 37#37: exit
2023/09/02 17:14:07 [notice] 38#38: exit
2023/09/02 17:14:08 [notice] 1#1: signal 17 (SIGCHLD) received from 29
2023/09/02 17:14:08 [notice] 1#1: worker process 28 exited with code 0
2023/09/02 17:14:08 [notice] 1#1: worker process 29 exited with code 0
2023/09/02 17:14:08 [notice] 1#1: worker process 31 exited with code 0
2023/09/02 17:14:08 [notice] 1#1: worker process 32 exited with code 0
2023/09/02 17:14:08 [notice] 1#1: worker process 35 exited with code 0
2023/09/02 17:14:08 [notice] 1#1: signal 29 (SIGIO) received
2023/09/02 17:14:08 [notice] 1#1: signal 17 (SIGCHLD) received from 32
2023/09/02 17:14:08 [notice] 1#1: signal 17 (SIGCHLD) received from 36
2023/09/02 17:14:08 [notice] 1#1: worker process 30 exited with code 0
2023/09/02 17:14:08 [notice] 1#1: worker process 33 exited with code 0
2023/09/02 17:14:08 [notice] 1#1: worker process 34 exited with code 0
2023/09/02 17:14:08 [notice] 1#1: worker process 36 exited with code 0
2023/09/02 17:14:08 [notice] 1#1: worker process 38 exited with code 0
2023/09/02 17:14:08 [notice] 1#1: signal 29 (SIGIO) received
2023/09/02 17:14:08 [notice] 1#1: signal 17 (SIGCHLD) received from 33
2023/09/02 17:14:08 [notice] 1#1: signal 17 (SIGCHLD) received from 39
2023/09/02 17:14:08 [notice] 1#1: worker process 39 exited with code 0
2023/09/02 17:14:08 [notice] 1#1: signal 29 (SIGIO) received
2023/09/02 17:14:08 [notice] 1#1: signal 17 (SIGCHLD) received from 37
2023/09/02 17:14:08 [notice] 1#1: worker process 37 exited with code 0
2023/09/02 17:14:08 [notice] 1#1: exit
2023/09/02 17:14:09 [notice] 1#1: using the "epoll" event method
2023/09/02 17:14:09 [notice] 1#1: nginx/1.25.2
2023/09/02 17:14:09 [notice] 1#1: built by gcc 12.2.0 (Debian 12.2.0-14) 
2023/09/02 17:14:09 [notice] 1#1: OS: Linux 5.15.90.1-microsoft-standard-WSL2
2023/09/02 17:14:09 [notice] 1#1: getrlimit(RLIMIT_NOFILE): 1048576:1048576
2023/09/02 17:14:09 [notice] 1#1: start worker processes
2023/09/02 17:14:09 [notice] 1#1: start worker process 28
2023/09/02 17:14:09 [notice] 1#1: start worker process 29
2023/09/02 17:14:09 [notice] 1#1: start worker process 30
2023/09/02 17:14:09 [notice] 1#1: start worker process 31
2023/09/02 17:14:09 [notice] 1#1: start worker process 32
2023/09/02 17:14:09 [notice] 1#1: start worker process 33
2023/09/02 17:14:09 [notice] 1#1: start worker process 34
2023/09/02 17:14:09 [notice] 1#1: start worker process 35
2023/09/02 17:14:09 [notice] 1#1: start worker process 36
2023/09/02 17:14:09 [notice] 1#1: start worker process 37
2023/09/02 17:14:09 [notice] 1#1: start worker process 38
2023/09/02 17:14:09 [notice] 1#1: start worker process 39
2023/09/02 17:17:17 [notice] 1#1: signal 3 (SIGQUIT) received, shutting down
2023/09/02 17:17:17 [notice] 28#28: gracefully shutting down
2023/09/02 17:17:17 [notice] 28#28: exiting
2023/09/02 17:17:17 [notice] 29#29: gracefully shutting down
2023/09/02 17:17:17 [notice] 31#31: gracefully shutting down
2023/09/02 17:17:17 [notice] 30#30: gracefully shutting down
2023/09/02 17:17:17 [notice] 32#32: gracefully shutting down
2023/09/02 17:17:17 [notice] 32#32: exiting
2023/09/02 17:17:17 [notice] 33#33: gracefully shutting down
2023/09/02 17:17:17 [notice] 33#33: exiting
2023/09/02 17:17:17 [notice] 34#34: gracefully shutting down
2023/09/02 17:17:17 [notice] 35#35: gracefully shutting down
2023/09/02 17:17:17 [notice] 36#36: gracefully shutting down
2023/09/02 17:17:17 [notice] 36#36: exiting
2023/09/02 17:17:17 [notice] 37#37: gracefully shutting down
2023/09/02 17:17:17 [notice] 37#37: exiting
2023/09/02 17:17:17 [notice] 38#38: gracefully shutting down
2023/09/02 17:17:17 [notice] 39#39: gracefully shutting down
2023/09/02 17:17:17 [notice] 28#28: exit
2023/09/02 17:17:17 [notice] 29#29: exiting
2023/09/02 17:17:17 [notice] 31#31: exiting
2023/09/02 17:17:17 [notice] 30#30: exiting
2023/09/02 17:17:17 [notice] 32#32: exit
2023/09/02 17:17:17 [notice] 33#33: exit
2023/09/02 17:17:17 [notice] 34#34: exiting
2023/09/02 17:17:17 [notice] 35#35: exiting
2023/09/02 17:17:17 [notice] 36#36: exit
2023/09/02 17:17:17 [notice] 37#37: exit
2023/09/02 17:17:17 [notice] 38#38: exiting
2023/09/02 17:17:17 [notice] 39#39: exiting
2023/09/02 17:17:17 [notice] 29#29: exit
2023/09/02 17:17:17 [notice] 31#31: exit
2023/09/02 17:17:17 [notice] 30#30: exit
2023/09/02 17:17:17 [notice] 34#34: exit
2023/09/02 17:17:17 [notice] 35#35: exit
2023/09/02 17:17:17 [notice] 38#38: exit
2023/09/02 17:17:17 [notice] 39#39: exit
2023/09/02 17:17:17 [notice] 1#1: signal 17 (SIGCHLD) received from 36
2023/09/02 17:17:17 [notice] 1#1: worker process 36 exited with code 0
2023/09/02 17:17:17 [notice] 1#1: signal 29 (SIGIO) received
2023/09/02 17:17:17 [notice] 1#1: signal 17 (SIGCHLD) received from 32
2023/09/02 17:17:17 [notice] 1#1: worker process 32 exited with code 0
2023/09/02 17:17:17 [notice] 1#1: signal 29 (SIGIO) received
2023/09/02 17:17:17 [notice] 1#1: signal 17 (SIGCHLD) received from 35
2023/09/02 17:17:17 [notice] 1#1: worker process 28 exited with code 0
2023/09/02 17:17:17 [notice] 1#1: worker process 29 exited with code 0
2023/09/02 17:17:17 [notice] 1#1: worker process 30 exited with code 0
2023/09/02 17:17:17 [notice] 1#1: worker process 31 exited with code 0
2023/09/02 17:17:17 [notice] 1#1: worker process 33 exited with code 0
2023/09/02 17:17:17 [notice] 1#1: worker process 34 exited with code 0
2023/09/02 17:17:17 [notice] 1#1: worker process 35 exited with code 0
2023/09/02 17:17:17 [notice] 1#1: worker process 37 exited with code 0
2023/09/02 17:17:17 [notice] 1#1: worker process 38 exited with code 0
2023/09/02 17:17:17 [notice] 1#1: signal 29 (SIGIO) received
2023/09/02 17:17:17 [notice] 1#1: signal 17 (SIGCHLD) received from 37
2023/09/02 17:17:17 [notice] 1#1: signal 17 (SIGCHLD) received from 39
2023/09/02 17:17:17 [notice] 1#1: worker process 39 exited with code 0
2023/09/02 17:17:17 [notice] 1#1: exit
2023/09/02 17:17:19 [notice] 1#1: using the "epoll" event method
2023/09/02 17:17:19 [notice] 1#1: nginx/1.25.2
2023/09/02 17:17:19 [notice] 1#1: built by gcc 12.2.0 (Debian 12.2.0-14) 
2023/09/02 17:17:19 [notice] 1#1: OS: Linux 5.15.90.1-microsoft-standard-WSL2
2023/09/02 17:17:19 [notice] 1#1: getrlimit(RLIMIT_NOFILE): 1048576:1048576
2023/09/02 17:17:19 [notice] 1#1: start worker processes
2023/09/02 17:17:19 [notice] 1#1: start worker process 28
2023/09/02 17:17:19 [notice] 1#1: start worker process 29
2023/09/02 17:17:19 [notice] 1#1: start worker process 30
2023/09/02 17:17:19 [notice] 1#1: start worker process 31
2023/09/02 17:17:19 [notice] 1#1: start worker process 32
2023/09/02 17:17:19 [notice] 1#1: start worker process 33
2023/09/02 17:17:19 [notice] 1#1: start worker process 34
2023/09/02 17:17:19 [notice] 1#1: start worker process 35
2023/09/02 17:17:19 [notice] 1#1: start worker process 36
2023/09/02 17:17:19 [notice] 1#1: start worker process 37
2023/09/02 17:17:19 [notice] 1#1: start worker process 38
2023/09/02 17:17:19 [notice] 1#1: start worker process 39
2023/09/02 18:51:04 [notice] 1#1: signal 3 (SIGQUIT) received, shutting down
2023/09/02 18:51:04 [notice] 28#28: gracefully shutting down
2023/09/02 18:51:04 [notice] 34#34: gracefully shutting down
2023/09/02 18:51:04 [notice] 37#37: gracefully shutting down
2023/09/02 18:51:04 [notice] 35#35: gracefully shutting down
2023/09/02 18:51:04 [notice] 36#36: gracefully shutting down
2023/09/02 18:51:04 [notice] 38#38: gracefully shutting down
2023/09/02 18:51:04 [notice] 39#39: gracefully shutting down
2023/09/02 18:51:04 [notice] 31#31: gracefully shutting down
2023/09/02 18:51:04 [notice] 32#32: gracefully shutting down
2023/09/02 18:51:04 [notice] 30#30: gracefully shutting down
2023/09/02 18:51:04 [notice] 29#29: gracefully shutting down
2023/09/02 18:51:04 [notice] 33#33: gracefully shutting down
2023/09/02 18:51:04 [notice] 32#32: exiting
2023/09/02 18:51:04 [notice] 28#28: exiting
2023/09/02 18:51:04 [notice] 34#34: exiting
2023/09/02 18:51:04 [notice] 37#37: exiting
2023/09/02 18:51:04 [notice] 35#35: exiting
2023/09/02 18:51:04 [notice] 36#36: exiting
2023/09/02 18:51:04 [notice] 38#38: exiting
2023/09/02 18:51:04 [notice] 39#39: exiting
2023/09/02 18:51:04 [notice] 31#31: exiting
2023/09/02 18:51:04 [notice] 30#30: exiting
2023/09/02 18:51:04 [notice] 29#29: exiting
2023/09/02 18:51:04 [notice] 30#30: exit
2023/09/02 18:51:04 [notice] 28#28: exit
2023/09/02 18:51:04 [notice] 32#32: exit
2023/09/02 18:51:04 [notice] 34#34: exit
2023/09/02 18:51:04 [notice] 33#33: exiting
2023/09/02 18:51:04 [notice] 37#37: exit
2023/09/02 18:51:04 [notice] 35#35: exit
2023/09/02 18:51:04 [notice] 36#36: exit
2023/09/02 18:51:04 [notice] 38#38: exit
2023/09/02 18:51:04 [notice] 39#39: exit
2023/09/02 18:51:04 [notice] 31#31: exit
2023/09/02 18:51:04 [notice] 29#29: exit
2023/09/02 18:51:04 [notice] 33#33: exit
2023/09/02 18:51:05 [notice] 1#1: signal 17 (SIGCHLD) received from 38
2023/09/02 18:51:05 [notice] 1#1: worker process 29 exited with code 0
2023/09/02 18:51:05 [notice] 1#1: worker process 30 exited with code 0
2023/09/02 18:51:05 [notice] 1#1: worker process 31 exited with code 0
2023/09/02 18:51:05 [notice] 1#1: worker process 32 exited with code 0
2023/09/02 18:51:05 [notice] 1#1: worker process 33 exited with code 0
2023/09/02 18:51:05 [notice] 1#1: worker process 35 exited with code 0
2023/09/02 18:51:05 [notice] 1#1: worker process 36 exited with code 0
2023/09/02 18:51:05 [notice] 1#1: worker process 37 exited with code 0
2023/09/02 18:51:05 [notice] 1#1: worker process 38 exited with code 0
2023/09/02 18:51:05 [notice] 1#1: signal 29 (SIGIO) received
2023/09/02 18:51:05 [notice] 1#1: signal 17 (SIGCHLD) received from 32
2023/09/02 18:51:05 [notice] 1#1: signal 17 (SIGCHLD) received from 28
2023/09/02 18:51:05 [notice] 1#1: worker process 28 exited with code 0
2023/09/02 18:51:05 [notice] 1#1: signal 29 (SIGIO) received
2023/09/02 18:51:05 [notice] 1#1: signal 17 (SIGCHLD) received from 34
2023/09/02 18:51:05 [notice] 1#1: worker process 34 exited with code 0
2023/09/02 18:51:05 [notice] 1#1: signal 29 (SIGIO) received
2023/09/02 18:51:05 [notice] 1#1: signal 17 (SIGCHLD) received from 39
2023/09/02 18:51:05 [notice] 1#1: worker process 39 exited with code 0
2023/09/02 18:51:05 [notice] 1#1: exit
